        -:    0:Source:memcached.c
        -:    0:Graph:memcached.gcno
        -:    0:Data:memcached.gcda
        -:    0:Runs:167
        -:    0:Programs:1
        -:    1:/* -*- Mode: C; tab-width: 4; c-basic-offset: 4; indent-tabs-mode: nil -*- */
        -:    2:/*
        -:    3: *  memcached - memory caching daemon
        -:    4: *
        -:    5: *       http://www.memcached.org/
        -:    6: *
        -:    7: *  Copyright 2003 Danga Interactive, Inc.  All rights reserved.
        -:    8: *
        -:    9: *  Use and distribution licensed under the BSD license.  See
        -:   10: *  the LICENSE file for full text.
        -:   11: *
        -:   12: *  Authors:
        -:   13: *      Anatoly Vorobey <mellon@pobox.com>
        -:   14: *      Brad Fitzpatrick <brad@danga.com>
        -:   15: */
        -:   16:#include "memcached.h"
        -:   17:#include <sys/stat.h>
        -:   18:#include <sys/socket.h>
        -:   19:#include <sys/un.h>
        -:   20:#include <signal.h>
        -:   21:#include <sys/param.h>
        -:   22:#include <sys/resource.h>
        -:   23:#include <sys/uio.h>
        -:   24:#include <ctype.h>
        -:   25:#include <stdarg.h>
        -:   26:
        -:   27:/* some POSIX systems need the following definition
        -:   28: * to get mlockall flags out of sys/mman.h.  */
        -:   29:#ifndef _P1003_1B_VISIBLE
        -:   30:#define _P1003_1B_VISIBLE
        -:   31:#endif
        -:   32:/* need this to get IOV_MAX on some platforms. */
        -:   33:#ifndef __need_IOV_MAX
        -:   34:#define __need_IOV_MAX
        -:   35:#endif
        -:   36:#include <pwd.h>
        -:   37:#include <sys/mman.h>
        -:   38:#include <fcntl.h>
        -:   39:#include <netinet/tcp.h>
        -:   40:#include <arpa/inet.h>
        -:   41:#include <errno.h>
        -:   42:#include <stdlib.h>
        -:   43:#include <stdio.h>
        -:   44:#include <string.h>
        -:   45:#include <time.h>
        -:   46:#include <assert.h>
        -:   47:#include <limits.h>
        -:   48:#include <sysexits.h>
        -:   49:#include <stddef.h>
        -:   50:
        -:   51:/* FreeBSD 4.x doesn't have IOV_MAX exposed. */
        -:   52:#ifndef IOV_MAX
        -:   53:#if defined(__FreeBSD__) || defined(__APPLE__)
        -:   54:# define IOV_MAX 1024
        -:   55:#endif
        -:   56:#endif
        -:   57:
        -:   58:/*
        -:   59: * forward declarations
        -:   60: */
        -:   61:static void drive_machine(conn *c);
        -:   62:static int new_socket(struct addrinfo *ai);
        -:   63:static int try_read_command(conn *c);
        -:   64:
        -:   65:enum try_read_result {
        -:   66:    READ_DATA_RECEIVED,
        -:   67:    READ_NO_DATA_RECEIVED,
        -:   68:    READ_ERROR,            /** an error occurred (on the socket) (or client closed connection) */
        -:   69:    READ_MEMORY_ERROR      /** failed to allocate more memory */
        -:   70:};
        -:   71:
        -:   72:static enum try_read_result try_read_network(conn *c);
        -:   73:static enum try_read_result try_read_udp(conn *c);
        -:   74:
        -:   75:static void conn_set_state(conn *c, enum conn_states state);
        -:   76:
        -:   77:/* stats */
        -:   78:static void stats_init(void);
        -:   79:static void server_stats(ADD_STAT add_stats, conn *c);
        -:   80:static void process_stat_settings(ADD_STAT add_stats, void *c);
        -:   81:static void conn_to_str(const conn *c, char *buf);
        -:   82:
        -:   83:
        -:   84:/* defaults */
        -:   85:static void settings_init(void);
        -:   86:
        -:   87:/* event handling, network IO */
        -:   88:static void event_handler(const int fd, const short which, void *arg);
        -:   89:static void conn_close(conn *c);
        -:   90:static void conn_init(void);
        -:   91:static bool update_event(conn *c, const int new_flags);
        -:   92:static void complete_nread(conn *c);
        -:   93:static void process_command(conn *c, char *command);
        -:   94:static void write_and_free(conn *c, char *buf, int bytes);
        -:   95:static int ensure_iov_space(conn *c);
        -:   96:static int add_iov(conn *c, const void *buf, int len);
        -:   97:static int add_msghdr(conn *c);
        -:   98:static void write_bin_error(conn *c, protocol_binary_response_status err,
        -:   99:                            const char *errstr, int swallow);
        -:  100:
        -:  101:static void conn_free(conn *c);
        -:  102:
        -:  103:/** exported globals **/
        -:  104:struct stats stats;
        -:  105:struct settings settings;
        -:  106:time_t process_started;     /* when the process was started */
        -:  107:conn **conns;
        -:  108:
        -:  109:struct slab_rebalance slab_rebal;
        -:  110:volatile int slab_rebalance_signal;
        -:  111:
        -:  112:/** file scope variables **/
        -:  113:static conn *listen_conn = NULL;
        -:  114:static int max_fds;
        -:  115:static struct event_base *main_base;
        -:  116:
        -:  117:enum transmit_result {
        -:  118:    TRANSMIT_COMPLETE,   /** All done writing. */
        -:  119:    TRANSMIT_INCOMPLETE, /** More data remaining to write. */
        -:  120:    TRANSMIT_SOFT_ERROR, /** Can't write any more right now. */
        -:  121:    TRANSMIT_HARD_ERROR  /** Can't write (c->state is set to conn_closing) */
        -:  122:};
        -:  123:
        -:  124:static enum transmit_result transmit(conn *c);
        -:  125:
        -:  126:/* This reduces the latency without adding lots of extra wiring to be able to
        -:  127: * notify the listener thread of when to listen again.
        -:  128: * Also, the clock timer could be broken out into its own thread and we
        -:  129: * can block the listener via a condition.
        -:  130: */
        -:  131:static volatile bool allow_new_conns = true;
        -:  132:static struct event maxconnsevent;
    #####:  133:static void maxconns_handler(const int fd, const short which, void *arg) {
    #####:  134:    struct timeval t = {.tv_sec = 0, .tv_usec = 10000};
        -:  135:
    #####:  136:    if (fd == -42 || allow_new_conns == false) {
        -:  137:        /* reschedule in 10ms if we need to keep polling */
    #####:  138:        evtimer_set(&maxconnsevent, maxconns_handler, 0);
    #####:  139:        event_base_set(main_base, &maxconnsevent);
    #####:  140:        evtimer_add(&maxconnsevent, &t);
        -:  141:    } else {
    #####:  142:        evtimer_del(&maxconnsevent);
    #####:  143:        accept_new_conns(true);
        -:  144:    }
    #####:  145:}
        -:  146:
        -:  147:#define REALTIME_MAXDELTA 60*60*24*30
        -:  148:
        -:  149:/*
        -:  150: * given time value that's either unix time or delta from current unix time, return
        -:  151: * unix time. Use the fact that delta can't exceed one month (and real time value can't
        -:  152: * be that low).
        -:  153: */
        -:  154:static rel_time_t realtime(const time_t exptime) {
        -:  155:    /* no. of seconds in 30 days - largest possible delta exptime */
        -:  156:
    53003:  157:    if (exptime == 0) return 0; /* 0 means never expire */
        -:  158:
      407:  159:    if (exptime > REALTIME_MAXDELTA) {
        -:  160:        /* if item expiration is at/before the server started, give it an
        -:  161:           expiration time of 1 second after the server started.
        -:  162:           (because 0 means don't expire).  without this, we'd
        -:  163:           underflow and wrap around to some large value way in the
        -:  164:           future, effectively making items expiring in the past
        -:  165:           really expiring never */
        5:  166:        if (exptime <= process_started)
        -:  167:            return (rel_time_t)1;
        4:  168:        return (rel_time_t)(exptime - process_started);
        -:  169:    } else {
      402:  170:        return (rel_time_t)(exptime + current_time);
        -:  171:    }
        -:  172:}
        -:  173:
       83:  174:static void stats_init(void) {
       83:  175:    stats.curr_items = stats.total_items = stats.curr_conns = stats.total_conns = stats.conn_structs = 0;
       83:  176:    stats.get_cmds = stats.set_cmds = stats.get_hits = stats.get_misses = stats.evictions = stats.reclaimed = 0;
       83:  177:    stats.touch_cmds = stats.touch_misses = stats.touch_hits = stats.rejected_conns = 0;
       83:  178:    stats.malloc_fails = 0;
       83:  179:    stats.curr_bytes = stats.listen_disabled_num = 0;
       83:  180:    stats.hash_power_level = stats.hash_bytes = stats.hash_is_expanding = 0;
       83:  181:    stats.expired_unfetched = stats.evicted_unfetched = 0;
       83:  182:    stats.slabs_moved = 0;
       83:  183:    stats.lru_maintainer_juggles = 0;
       83:  184:    stats.accepting_conns = true; /* assuming we start in this state. */
       83:  185:    stats.slab_reassign_running = false;
       83:  186:    stats.lru_crawler_running = false;
       83:  187:    stats.lru_crawler_starts = 0;
       83:  188:    stats.time_in_listen_disabled_us = 0;
        -:  189:
        -:  190:    /* make the time we started always be 2 seconds before we really
        -:  191:       did, so time(0) - time.started is never zero.  if so, things
        -:  192:       like 'settings.oldest_live' which act as booleans as well as
        -:  193:       values are now false in boolean context... */
       83:  194:    process_started = time(0) - ITEM_UPDATE_INTERVAL - 2;
       83:  195:    stats_prefix_init();
       83:  196:}
        -:  197:
        3:  198:static void stats_reset(void) {
        3:  199:    STATS_LOCK();
        3:  200:    stats.total_items = stats.total_conns = 0;
        3:  201:    stats.rejected_conns = 0;
        3:  202:    stats.malloc_fails = 0;
        3:  203:    stats.evictions = 0;
        3:  204:    stats.reclaimed = 0;
        3:  205:    stats.listen_disabled_num = 0;
        3:  206:    stats_prefix_clear();
        3:  207:    STATS_UNLOCK();
        3:  208:    threadlocal_stats_reset();
        3:  209:    item_stats_reset();
        3:  210:}
        -:  211:
      166:  212:static void settings_init(void) {
      166:  213:    settings.use_cas = true;
      166:  214:    settings.access = 0700;
      166:  215:    settings.port = 11211;
      166:  216:    settings.udpport = 11211;
        -:  217:    /* By default this string should be NULL for getaddrinfo() */
      166:  218:    settings.inter = NULL;
      166:  219:    settings.maxbytes = 64 * 1024 * 1024; /* default is 64MB */
      166:  220:    settings.maxconns = 1024;         /* to limit connections-related memory to about 5MB */
      166:  221:    settings.verbose = 0;
      166:  222:    settings.oldest_live = 0;
      166:  223:    settings.oldest_cas = 0;          /* supplements accuracy of oldest_live */
      166:  224:    settings.evict_to_free = 1;       /* push old items out of cache when memory runs out */
      166:  225:    settings.socketpath = NULL;       /* by default, not using a unix socket */
      166:  226:    settings.factor = 1.25;
      166:  227:    settings.chunk_size = 48;         /* space for a modest key and value */
      166:  228:    settings.num_threads = 4;         /* N workers */
      166:  229:    settings.num_threads_per_udp = 0;
      166:  230:    settings.prefix_delimiter = ':';
      166:  231:    settings.detail_enabled = 0;
      166:  232:    settings.reqs_per_event = 20;
      166:  233:    settings.backlog = 1024;
      166:  234:    settings.binding_protocol = negotiating_prot;
      166:  235:    settings.item_size_max = 1024 * 1024; /* The famous 1MB upper limit. */
      166:  236:    settings.maxconns_fast = false;
      166:  237:    settings.lru_crawler = false;
      166:  238:    settings.lru_crawler_sleep = 100;
      166:  239:    settings.lru_crawler_tocrawl = 0;
      166:  240:    settings.lru_maintainer_thread = false;
      166:  241:    settings.hot_lru_pct = 32;
      166:  242:    settings.warm_lru_pct = 32;
      166:  243:    settings.expirezero_does_not_evict = false;
      166:  244:    settings.hashpower_init = 0;
      166:  245:    settings.slab_reassign = false;
      166:  246:    settings.slab_automove = 0;
      166:  247:    settings.shutdown_command = false;
      166:  248:    settings.tail_repair_time = TAIL_REPAIR_TIME_DEFAULT;
      166:  249:    settings.flush_enabled = true;
      166:  250:    settings.crawls_persleep = 1000;
      166:  251:}
        -:  252:
        -:  253:/*
        -:  254: * Adds a message header to a connection.
        -:  255: *
        -:  256: * Returns 0 on success, -1 on out-of-memory.
        -:  257: */
    82636:  258:static int add_msghdr(conn *c)
        -:  259:{
        -:  260:    struct msghdr *msg;
        -:  261:
    82636:  262:    assert(c != NULL);
        -:  263:
    82636:  264:    if (c->msgsize == c->msgused) {
    #####:  265:        msg = realloc(c->msglist, c->msgsize * 2 * sizeof(struct msghdr));
    #####:  266:        if (! msg) {
    #####:  267:            STATS_LOCK();
    #####:  268:            stats.malloc_fails++;
    #####:  269:            STATS_UNLOCK();
    #####:  270:            return -1;
        -:  271:        }
    #####:  272:        c->msglist = msg;
    #####:  273:        c->msgsize *= 2;
        -:  274:    }
        -:  275:
    82636:  276:    msg = c->msglist + c->msgused;
        -:  277:
        -:  278:    /* this wipes msg_iovlen, msg_control, msg_controllen, and
        -:  279:       msg_flags, the last 3 of which aren't defined on solaris: */
        -:  280:    memset(msg, 0, sizeof(struct msghdr));
        -:  281:
    82636:  282:    msg->msg_iov = &c->iov[c->iovused];
        -:  283:
    82636:  284:    if (IS_UDP(c->transport) && c->request_addr_size > 0) {
       29:  285:        msg->msg_name = &c->request_addr;
       29:  286:        msg->msg_namelen = c->request_addr_size;
        -:  287:    }
        -:  288:
    82636:  289:    c->msgbytes = 0;
    82636:  290:    c->msgused++;
        -:  291:
    82636:  292:    if (IS_UDP(c->transport)) {
        -:  293:        /* Leave room for the UDP header, which we'll fill in later. */
       29:  294:        return add_iov(c, NULL, UDP_HEADER_SIZE);
        -:  295:    }
        -:  296:
        -:  297:    return 0;
        -:  298:}
        -:  299:
        -:  300:extern pthread_mutex_t conn_lock;
        -:  301:
        -:  302:/*
        -:  303: * Initializes the connections array. We don't actually allocate connection
        -:  304: * structures until they're needed, so as to avoid wasting memory when the
        -:  305: * maximum connection count is much higher than the actual number of
        -:  306: * connections.
        -:  307: *
        -:  308: * This does end up wasting a few pointers' worth of memory for FDs that are
        -:  309: * used for things other than connections, but that's worth it in exchange for
        -:  310: * being able to directly index the conns array by FD.
        -:  311: */
       83:  312:static void conn_init(void) {
        -:  313:    /* We're unlikely to see an FD much higher than maxconns. */
       83:  314:    int next_fd = dup(1);
       83:  315:    int headroom = 10;      /* account for extra unexpected open FDs */
        -:  316:    struct rlimit rl;
        -:  317:
       83:  318:    max_fds = settings.maxconns + headroom + next_fd;
        -:  319:
        -:  320:    /* But if possible, get the actual highest FD we can possibly ever see. */
       83:  321:    if (getrlimit(RLIMIT_NOFILE, &rl) == 0) {
       83:  322:        max_fds = rl.rlim_max;
        -:  323:    } else {
    #####:  324:        fprintf(stderr, "Failed to query maximum file descriptor; "
        -:  325:                        "falling back to maxconns\n");
        -:  326:    }
        -:  327:
       83:  328:    close(next_fd);
        -:  329:
       83:  330:    if ((conns = calloc(max_fds, sizeof(conn *))) == NULL) {
    #####:  331:        fprintf(stderr, "Failed to allocate connection structures\n");
        -:  332:        /* This is unrecoverable so bail out early. */
    #####:  333:        exit(1);
        -:  334:    }
       83:  335:}
        -:  336:
        -:  337:static const char *prot_text(enum protocol prot) {
       22:  338:    char *rv = "unknown";
        -:  339:    switch(prot) {
        -:  340:        case ascii_prot:
        -:  341:            rv = "ascii";
        -:  342:            break;
        -:  343:        case binary_prot:
        -:  344:            rv = "binary";
        -:  345:            break;
        -:  346:        case negotiating_prot:
        -:  347:            rv = "auto-negotiate";
        -:  348:            break;
        -:  349:    }
        -:  350:    return rv;
        -:  351:}
        -:  352:
      838:  353:conn *conn_new(const int sfd, enum conn_states init_state,
        -:  354:                const int event_flags,
        -:  355:                const int read_buffer_size, enum network_transport transport,
        -:  356:                struct event_base *base) {
        -:  357:    conn *c;
        -:  358:
      838:  359:    assert(sfd >= 0 && sfd < max_fds);
      838:  360:    c = conns[sfd];
        -:  361:
      838:  362:    if (NULL == c) {
      831:  363:        if (!(c = (conn *)calloc(1, sizeof(conn)))) {
    #####:  364:            STATS_LOCK();
    #####:  365:            stats.malloc_fails++;
    #####:  366:            STATS_UNLOCK();
    #####:  367:            fprintf(stderr, "Failed to allocate connection object\n");
    #####:  368:            return NULL;
        -:  369:        }
        -:  370:        MEMCACHED_CONN_CREATE(c);
        -:  371:
      831:  372:        c->rbuf = c->wbuf = 0;
      831:  373:        c->ilist = 0;
      831:  374:        c->suffixlist = 0;
      831:  375:        c->iov = 0;
      831:  376:        c->msglist = 0;
      831:  377:        c->hdrbuf = 0;
        -:  378:
      831:  379:        c->rsize = read_buffer_size;
      831:  380:        c->wsize = DATA_BUFFER_SIZE;
      831:  381:        c->isize = ITEM_LIST_INITIAL;
      831:  382:        c->suffixsize = SUFFIX_LIST_INITIAL;
      831:  383:        c->iovsize = IOV_LIST_INITIAL;
      831:  384:        c->msgsize = MSG_LIST_INITIAL;
      831:  385:        c->hdrsize = 0;
        -:  386:
      831:  387:        c->rbuf = (char *)malloc((size_t)c->rsize);
      831:  388:        c->wbuf = (char *)malloc((size_t)c->wsize);
      831:  389:        c->ilist = (item **)malloc(sizeof(item *) * c->isize);
      831:  390:        c->suffixlist = (char **)malloc(sizeof(char *) * c->suffixsize);
      831:  391:        c->iov = (struct iovec *)malloc(sizeof(struct iovec) * c->iovsize);
      831:  392:        c->msglist = (struct msghdr *)malloc(sizeof(struct msghdr) * c->msgsize);
        -:  393:
      831:  394:        if (c->rbuf == 0 || c->wbuf == 0 || c->ilist == 0 || c->iov == 0 ||
      831:  395:                c->msglist == 0 || c->suffixlist == 0) {
    #####:  396:            conn_free(c);
    #####:  397:            STATS_LOCK();
    #####:  398:            stats.malloc_fails++;
    #####:  399:            STATS_UNLOCK();
    #####:  400:            fprintf(stderr, "Failed to allocate buffers for connection\n");
    #####:  401:            return NULL;
        -:  402:        }
        -:  403:
      831:  404:        STATS_LOCK();
      831:  405:        stats.conn_structs++;
      831:  406:        STATS_UNLOCK();
        -:  407:
      831:  408:        c->sfd = sfd;
      831:  409:        conns[sfd] = c;
        -:  410:    }
        -:  411:
      838:  412:    c->transport = transport;
      838:  413:    c->protocol = settings.binding_protocol;
        -:  414:
        -:  415:    /* unix socket mode doesn't need this, so zeroed out.  but why
        -:  416:     * is this done for every command?  presumably for UDP
        -:  417:     * mode.  */
      838:  418:    if (!settings.socketpath) {
      833:  419:        c->request_addr_size = sizeof(c->request_addr);
        -:  420:    } else {
        5:  421:        c->request_addr_size = 0;
        -:  422:    }
        -:  423:
      838:  424:    if (transport == tcp_transport && init_state == conn_new_cmd) {
       93:  425:        if (getpeername(sfd, (struct sockaddr *) &c->request_addr,
        -:  426:                        &c->request_addr_size)) {
    #####:  427:            perror("getpeername");
    #####:  428:            memset(&c->request_addr, 0, sizeof(c->request_addr));
        -:  429:        }
        -:  430:    }
        -:  431:
      838:  432:    if (settings.verbose > 1) {
       30:  433:        if (init_state == conn_listening) {
       12:  434:            fprintf(stderr, "<%d server listening (%s)\n", sfd,
        -:  435:                prot_text(c->protocol));
       24:  436:        } else if (IS_UDP(transport)) {
       24:  437:            fprintf(stderr, "<%d server listening (udp)\n", sfd);
    #####:  438:        } else if (c->protocol == negotiating_prot) {
    #####:  439:            fprintf(stderr, "<%d new auto-negotiating client connection\n",
        -:  440:                    sfd);
    #####:  441:        } else if (c->protocol == ascii_prot) {
    #####:  442:            fprintf(stderr, "<%d new ascii client connection.\n", sfd);
    #####:  443:        } else if (c->protocol == binary_prot) {
    #####:  444:            fprintf(stderr, "<%d new binary client connection.\n", sfd);
        -:  445:        } else {
    #####:  446:            fprintf(stderr, "<%d new unknown (%d) client connection\n",
        -:  447:                sfd, c->protocol);
    #####:  448:            assert(false);
        -:  449:        }
        -:  450:    }
        -:  451:
      838:  452:    c->state = init_state;
      838:  453:    c->rlbytes = 0;
      838:  454:    c->cmd = -1;
      838:  455:    c->rbytes = c->wbytes = 0;
      838:  456:    c->wcurr = c->wbuf;
      838:  457:    c->rcurr = c->rbuf;
      838:  458:    c->ritem = 0;
      838:  459:    c->icurr = c->ilist;
      838:  460:    c->suffixcurr = c->suffixlist;
      838:  461:    c->ileft = 0;
      838:  462:    c->suffixleft = 0;
      838:  463:    c->iovused = 0;
      838:  464:    c->msgcurr = 0;
      838:  465:    c->msgused = 0;
      838:  466:    c->authenticated = false;
        -:  467:
      838:  468:    c->write_and_go = init_state;
      838:  469:    c->write_and_free = 0;
      838:  470:    c->item = 0;
        -:  471:
      838:  472:    c->noreply = false;
        -:  473:
      838:  474:    event_set(&c->event, sfd, event_flags, event_handler, (void *)c);
      838:  475:    event_base_set(base, &c->event);
      838:  476:    c->ev_flags = event_flags;
        -:  477:
      838:  478:    if (event_add(&c->event, 0) == -1) {
    #####:  479:        perror("event_add");
    #####:  480:        return NULL;
        -:  481:    }
        -:  482:
      838:  483:    STATS_LOCK();
      838:  484:    stats.curr_conns++;
      838:  485:    stats.total_conns++;
      838:  486:    STATS_UNLOCK();
        -:  487:
        -:  488:    MEMCACHED_CONN_ALLOCATE(c->sfd);
        -:  489:
      838:  490:    return c;
        -:  491:}
        -:  492:
    10239:  493:static void conn_release_items(conn *c) {
    10239:  494:    assert(c != NULL);
        -:  495:
    10239:  496:    if (c->item) {
      592:  497:        item_remove(c->item);
      592:  498:        c->item = 0;
        -:  499:    }
        -:  500:
    16036:  501:    while (c->ileft > 0) {
     5797:  502:        item *it = *(c->icurr);
     5797:  503:        assert((it->it_flags & ITEM_SLABBED) == 0);
     5797:  504:        item_remove(it);
     5797:  505:        c->icurr++;
     5797:  506:        c->ileft--;
        -:  507:    }
        -:  508:
    10239:  509:    if (c->suffixleft != 0) {
       17:  510:        for (; c->suffixleft > 0; c->suffixleft--, c->suffixcurr++) {
       17:  511:            cache_free(c->thread->suffix_cache, *(c->suffixcurr));
        -:  512:        }
        -:  513:    }
        -:  514:
    10239:  515:    c->icurr = c->ilist;
    10239:  516:    c->suffixcurr = c->suffixlist;
    10239:  517:}
        -:  518:
       35:  519:static void conn_cleanup(conn *c) {
       35:  520:    assert(c != NULL);
        -:  521:
       35:  522:    conn_release_items(c);
        -:  523:
       35:  524:    if (c->write_and_free) {
    #####:  525:        free(c->write_and_free);
    #####:  526:        c->write_and_free = 0;
        -:  527:    }
        -:  528:
       35:  529:    if (c->sasl_conn) {
    #####:  530:        assert(settings.sasl);
        -:  531:        sasl_dispose(&c->sasl_conn);
    #####:  532:        c->sasl_conn = NULL;
        -:  533:    }
        -:  534:
       35:  535:    if (IS_UDP(c->transport)) {
    #####:  536:        conn_set_state(c, conn_read);
        -:  537:    }
       35:  538:}
        -:  539:
        -:  540:/*
        -:  541: * Frees a connection.
        -:  542: */
    #####:  543:void conn_free(conn *c) {
    #####:  544:    if (c) {
    #####:  545:        assert(c != NULL);
    #####:  546:        assert(c->sfd >= 0 && c->sfd < max_fds);
        -:  547:
        -:  548:        MEMCACHED_CONN_DESTROY(c);
    #####:  549:        conns[c->sfd] = NULL;
    #####:  550:        if (c->hdrbuf)
    #####:  551:            free(c->hdrbuf);
    #####:  552:        if (c->msglist)
    #####:  553:            free(c->msglist);
    #####:  554:        if (c->rbuf)
    #####:  555:            free(c->rbuf);
    #####:  556:        if (c->wbuf)
    #####:  557:            free(c->wbuf);
    #####:  558:        if (c->ilist)
    #####:  559:            free(c->ilist);
    #####:  560:        if (c->suffixlist)
    #####:  561:            free(c->suffixlist);
    #####:  562:        if (c->iov)
    #####:  563:            free(c->iov);
    #####:  564:        free(c);
        -:  565:    }
    #####:  566:}
        -:  567:
       35:  568:static void conn_close(conn *c) {
       35:  569:    assert(c != NULL);
        -:  570:
        -:  571:    /* delete the event, the socket and the conn */
       35:  572:    event_del(&c->event);
        -:  573:
       35:  574:    if (settings.verbose > 1)
    #####:  575:        fprintf(stderr, "<%d connection closed.\n", c->sfd);
        -:  576:
       35:  577:    conn_cleanup(c);
        -:  578:
        -:  579:    MEMCACHED_CONN_RELEASE(c->sfd);
       35:  580:    conn_set_state(c, conn_closed);
       35:  581:    close(c->sfd);
        -:  582:
       34:  583:    pthread_mutex_lock(&conn_lock);
       34:  584:    allow_new_conns = true;
       34:  585:    pthread_mutex_unlock(&conn_lock);
        -:  586:
       34:  587:    STATS_LOCK();
       34:  588:    stats.curr_conns--;
       34:  589:    STATS_UNLOCK();
        -:  590:
       34:  591:    return;
        -:  592:}
        -:  593:
        -:  594:/*
        -:  595: * Shrinks a connection's buffers if they're too big.  This prevents
        -:  596: * periodic large "get" requests from permanently chewing lots of server
        -:  597: * memory.
        -:  598: *
        -:  599: * This should only be called in between requests since it can wipe output
        -:  600: * buffers!
        -:  601: */
    69834:  602:static void conn_shrink(conn *c) {
    69834:  603:    assert(c != NULL);
        -:  604:
    69834:  605:    if (IS_UDP(c->transport))
    69834:  606:        return;
        -:  607:
    69817:  608:    if (c->rsize > READ_BUFFER_HIGHWAT && c->rbytes < DATA_BUFFER_SIZE) {
        -:  609:        char *newbuf;
        -:  610:
     7707:  611:        if (c->rcurr != c->rbuf)
     7707:  612:            memmove(c->rbuf, c->rcurr, (size_t)c->rbytes);
        -:  613:
     7707:  614:        newbuf = (char *)realloc((void *)c->rbuf, DATA_BUFFER_SIZE);
        -:  615:
     7707:  616:        if (newbuf) {
     7707:  617:            c->rbuf = newbuf;
     7707:  618:            c->rsize = DATA_BUFFER_SIZE;
        -:  619:        }
        -:  620:        /* TODO check other branch... */
     7707:  621:        c->rcurr = c->rbuf;
        -:  622:    }
        -:  623:
    69817:  624:    if (c->isize > ITEM_LIST_HIGHWAT) {
    #####:  625:        item **newbuf = (item**) realloc((void *)c->ilist, ITEM_LIST_INITIAL * sizeof(c->ilist[0]));
    #####:  626:        if (newbuf) {
    #####:  627:            c->ilist = newbuf;
    #####:  628:            c->isize = ITEM_LIST_INITIAL;
        -:  629:        }
        -:  630:    /* TODO check error condition? */
        -:  631:    }
        -:  632:
    69817:  633:    if (c->msgsize > MSG_LIST_HIGHWAT) {
    #####:  634:        struct msghdr *newbuf = (struct msghdr *) realloc((void *)c->msglist, MSG_LIST_INITIAL * sizeof(c->msglist[0]));
    #####:  635:        if (newbuf) {
    #####:  636:            c->msglist = newbuf;
    #####:  637:            c->msgsize = MSG_LIST_INITIAL;
        -:  638:        }
        -:  639:    /* TODO check error condition? */
        -:  640:    }
        -:  641:
    69817:  642:    if (c->iovsize > IOV_LIST_HIGHWAT) {
    #####:  643:        struct iovec *newbuf = (struct iovec *) realloc((void *)c->iov, IOV_LIST_INITIAL * sizeof(c->iov[0]));
    #####:  644:        if (newbuf) {
    #####:  645:            c->iov = newbuf;
    #####:  646:            c->iovsize = IOV_LIST_INITIAL;
        -:  647:        }
        -:  648:    /* TODO check return value */
        -:  649:    }
        -:  650:}
        -:  651:
        -:  652:/**
        -:  653: * Convert a state name to a human readable form.
        -:  654: */
        -:  655:static const char *state_text(enum conn_states state) {
       14:  656:    const char* const statenames[] = { "conn_listening",
        -:  657:                                       "conn_new_cmd",
        -:  658:                                       "conn_waiting",
        -:  659:                                       "conn_read",
        -:  660:                                       "conn_parse_cmd",
        -:  661:                                       "conn_write",
        -:  662:                                       "conn_nread",
        -:  663:                                       "conn_swallow",
        -:  664:                                       "conn_closing",
        -:  665:                                       "conn_mwrite",
        -:  666:                                       "conn_closed" };
       14:  667:    return statenames[state];
        -:  668:}
        -:  669:
        -:  670:/*
        -:  671: * Sets a connection's current state in the state machine. Any special
        -:  672: * processing that needs to happen on certain state transitions can
        -:  673: * happen here.
        -:  674: */
   263198:  675:static void conn_set_state(conn *c, enum conn_states state) {
   263198:  676:    assert(c != NULL);
   263198:  677:    assert(state >= conn_listening && state < conn_max_state);
        -:  678:
   263198:  679:    if (state != c->state) {
   243069:  680:        if (settings.verbose > 2) {
    #####:  681:            fprintf(stderr, "%d: going from %s to %s\n",
        -:  682:                    c->sfd, state_text(c->state),
        -:  683:                    state_text(state));
        -:  684:        }
        -:  685:
        -:  686:        if (state == conn_write || state == conn_mwrite) {
        -:  687:            MEMCACHED_PROCESS_COMMAND_END(c->sfd, c->wbuf, c->wbytes);
        -:  688:        }
   243069:  689:        c->state = state;
        -:  690:    }
   263198:  691:}
        -:  692:
        -:  693:/*
        -:  694: * Ensures that there is room for another struct iovec in a connection's
        -:  695: * iov list.
        -:  696: *
        -:  697: * Returns 0 on success, -1 on out-of-memory.
        -:  698: */
    50102:  699:static int ensure_iov_space(conn *c) {
    50102:  700:    assert(c != NULL);
        -:  701:
    50102:  702:    if (c->iovused >= c->iovsize) {
        -:  703:        int i, iovnum;
    #####:  704:        struct iovec *new_iov = (struct iovec *)realloc(c->iov,
    #####:  705:                                (c->iovsize * 2) * sizeof(struct iovec));
    #####:  706:        if (! new_iov) {
    #####:  707:            STATS_LOCK();
    #####:  708:            stats.malloc_fails++;
    #####:  709:            STATS_UNLOCK();
    #####:  710:            return -1;
        -:  711:        }
    #####:  712:        c->iov = new_iov;
    #####:  713:        c->iovsize *= 2;
        -:  714:
        -:  715:        /* Point all the msghdr structures at the new list. */
    #####:  716:        for (i = 0, iovnum = 0; i < c->msgused; i++) {
    #####:  717:            c->msglist[i].msg_iov = &c->iov[iovnum];
    #####:  718:            iovnum += c->msglist[i].msg_iovlen;
        -:  719:        }
        -:  720:    }
        -:  721:
        -:  722:    return 0;
        -:  723:}
        -:  724:
        -:  725:
        -:  726:/*
        -:  727: * Adds data to the list of pending data that will be written out to a
        -:  728: * connection.
        -:  729: *
        -:  730: * Returns 0 on success, -1 on out-of-memory.
        -:  731: */
        -:  732:
    39464:  733:static int add_iov(conn *c, const void *buf, int len) {
        -:  734:    struct msghdr *m;
        -:  735:    int leftover;
        -:  736:    bool limit_to_mtu;
        -:  737:
    39464:  738:    assert(c != NULL);
        -:  739:
        -:  740:    do {
    50102:  741:        m = &c->msglist[c->msgused - 1];
        -:  742:
        -:  743:        /*
        -:  744:         * Limit UDP packets, and the first payloads of TCP replies, to
        -:  745:         * UDP_MAX_PAYLOAD_SIZE bytes.
        -:  746:         */
    50102:  747:        limit_to_mtu = IS_UDP(c->transport) || (1 == c->msgused);
        -:  748:
        -:  749:        /* We may need to start a new msghdr if this one is full. */
    50102:  750:        if (m->msg_iovlen == IOV_MAX ||
    39589:  751:            (limit_to_mtu && c->msgbytes >= UDP_MAX_PAYLOAD_SIZE)) {
     5430:  752:            add_msghdr(c);
     5430:  753:            m = &c->msglist[c->msgused - 1];
        -:  754:        }
        -:  755:
    50102:  756:        if (ensure_iov_space(c) != 0)
        -:  757:            return -1;
        -:  758:
        -:  759:        /* If the fragment is too big to fit in the datagram, split it up */
    50102:  760:        if (limit_to_mtu && len + c->msgbytes > UDP_MAX_PAYLOAD_SIZE) {
    10638:  761:            leftover = len + c->msgbytes - UDP_MAX_PAYLOAD_SIZE;
    10638:  762:            len -= leftover;
        -:  763:        } else {
        -:  764:            leftover = 0;
        -:  765:        }
        -:  766:
    50102:  767:        m = &c->msglist[c->msgused - 1];
    50102:  768:        m->msg_iov[m->msg_iovlen].iov_base = (void *)buf;
    50102:  769:        m->msg_iov[m->msg_iovlen].iov_len = len;
        -:  770:
    50102:  771:        c->msgbytes += len;
    50102:  772:        c->iovused++;
    50102:  773:        m->msg_iovlen++;
        -:  774:
    50102:  775:        buf = ((char *)buf) + len;
    50102:  776:        len = leftover;
    50102:  777:    } while (leftover > 0);
        -:  778:
        -:  779:    return 0;
        -:  780:}
        -:  781:
        -:  782:
        -:  783:/*
        -:  784: * Constructs a set of UDP headers and attaches them to the outgoing messages.
        -:  785: */
       39:  786:static int build_udp_headers(conn *c) {
        -:  787:    int i;
        -:  788:    unsigned char *hdr;
        -:  789:
       39:  790:    assert(c != NULL);
        -:  791:
       39:  792:    if (c->msgused > c->hdrsize) {
        -:  793:        void *new_hdrbuf;
        3:  794:        if (c->hdrbuf) {
    #####:  795:            new_hdrbuf = realloc(c->hdrbuf, c->msgused * 2 * UDP_HEADER_SIZE);
        -:  796:        } else {
        3:  797:            new_hdrbuf = malloc(c->msgused * 2 * UDP_HEADER_SIZE);
        -:  798:        }
        -:  799:
        3:  800:        if (! new_hdrbuf) {
    #####:  801:            STATS_LOCK();
    #####:  802:            stats.malloc_fails++;
    #####:  803:            STATS_UNLOCK();
    #####:  804:            return -1;
        -:  805:        }
        3:  806:        c->hdrbuf = (unsigned char *)new_hdrbuf;
        3:  807:        c->hdrsize = c->msgused * 2;
        -:  808:    }
        -:  809:
       39:  810:    hdr = c->hdrbuf;
       78:  811:    for (i = 0; i < c->msgused; i++) {
       39:  812:        c->msglist[i].msg_iov[0].iov_base = (void*)hdr;
       39:  813:        c->msglist[i].msg_iov[0].iov_len = UDP_HEADER_SIZE;
       39:  814:        *hdr++ = c->request_id / 256;
       39:  815:        *hdr++ = c->request_id % 256;
       39:  816:        *hdr++ = i / 256;
       39:  817:        *hdr++ = i % 256;
       39:  818:        *hdr++ = c->msgused / 256;
       39:  819:        *hdr++ = c->msgused % 256;
       39:  820:        *hdr++ = 0;
       39:  821:        *hdr++ = 0;
       39:  822:        assert((void *) hdr == (caddr_t)c->msglist[i].msg_iov[0].iov_base + UDP_HEADER_SIZE);
        -:  823:    }
        -:  824:
        -:  825:    return 0;
        -:  826:}
        -:  827:
        -:  828:
    35600:  829:static void out_string(conn *c, const char *str) {
        -:  830:    size_t len;
        -:  831:
    35600:  832:    assert(c != NULL);
        -:  833:
    35600:  834:    if (c->noreply) {
    32516:  835:        if (settings.verbose > 1)
    #####:  836:            fprintf(stderr, ">%d NOREPLY %s\n", c->sfd, str);
    32516:  837:        c->noreply = false;
    32516:  838:        conn_set_state(c, conn_new_cmd);
    32516:  839:        return;
        -:  840:    }
        -:  841:
     3084:  842:    if (settings.verbose > 1)
    #####:  843:        fprintf(stderr, ">%d %s\n", c->sfd, str);
        -:  844:
        -:  845:    /* Nuke a partial output... */
     3084:  846:    c->msgcurr = 0;
     3084:  847:    c->msgused = 0;
     3084:  848:    c->iovused = 0;
     3084:  849:    add_msghdr(c);
        -:  850:
     3084:  851:    len = strlen(str);
     3084:  852:    if ((len + 2) > c->wsize) {
        -:  853:        /* ought to be always enough. just fail for simplicity */
    #####:  854:        str = "SERVER_ERROR output line too long";
    #####:  855:        len = strlen(str);
        -:  856:    }
        -:  857:
     3084:  858:    memcpy(c->wbuf, str, len);
     3084:  859:    memcpy(c->wbuf + len, "\r\n", 2);
     3084:  860:    c->wbytes = len + 2;
     3084:  861:    c->wcurr = c->wbuf;
        -:  862:
     3084:  863:    conn_set_state(c, conn_write);
     3084:  864:    c->write_and_go = conn_new_cmd;
     3084:  865:    return;
        -:  866:}
        -:  867:
        -:  868:/*
        -:  869: * Outputs a protocol-specific "out of memory" error. For ASCII clients,
        -:  870: * this is equivalent to out_string().
        -:  871: */
       16:  872:static void out_of_memory(conn *c, char *ascii_error) {
        -:  873:    const static char error_prefix[] = "SERVER_ERROR ";
        -:  874:    const static int error_prefix_len = sizeof(error_prefix) - 1;
        -:  875:
       16:  876:    if (c->protocol == binary_prot) {
        -:  877:        /* Strip off the generic error prefix; it's irrelevant in binary */
    #####:  878:        if (!strncmp(ascii_error, error_prefix, error_prefix_len)) {
    #####:  879:            ascii_error += error_prefix_len;
        -:  880:        }
    #####:  881:        write_bin_error(c, PROTOCOL_BINARY_RESPONSE_ENOMEM, ascii_error, 0);
        -:  882:    } else {
       16:  883:        out_string(c, ascii_error);
        -:  884:    }
       16:  885:}
        -:  886:
        -:  887:/*
        -:  888: * we get here after reading the value in set/add/replace commands. The command
        -:  889: * has been stored in c->cmd, and the item is ready in c->item.
        -:  890: */
    32748:  891:static void complete_nread_ascii(conn *c) {
    32748:  892:    assert(c != NULL);
        -:  893:
    32748:  894:    item *it = c->item;
    32748:  895:    int comm = c->cmd;
        -:  896:    enum store_item_type ret;
        -:  897:
    32748:  898:    pthread_mutex_lock(&c->thread->stats.mutex);
    32748:  899:    c->thread->stats.slab_stats[ITEM_clsid(it)].set_cmds++;
    32748:  900:    pthread_mutex_unlock(&c->thread->stats.mutex);
        -:  901:
    32748:  902:    if (strncmp(ITEM_data(it) + it->nbytes - 2, "\r\n", 2) != 0) {
    #####:  903:        out_string(c, "CLIENT_ERROR bad data chunk");
        -:  904:    } else {
    32748:  905:      ret = store_item(it, comm, c);
        -:  906:
        -:  907:#ifdef ENABLE_DTRACE
        -:  908:      uint64_t cas = ITEM_get_cas(it);
        -:  909:      switch (c->cmd) {
        -:  910:      case NREAD_ADD:
        -:  911:          MEMCACHED_COMMAND_ADD(c->sfd, ITEM_key(it), it->nkey,
        -:  912:                                (ret == 1) ? it->nbytes : -1, cas);
        -:  913:          break;
        -:  914:      case NREAD_REPLACE:
        -:  915:          MEMCACHED_COMMAND_REPLACE(c->sfd, ITEM_key(it), it->nkey,
        -:  916:                                    (ret == 1) ? it->nbytes : -1, cas);
        -:  917:          break;
        -:  918:      case NREAD_APPEND:
        -:  919:          MEMCACHED_COMMAND_APPEND(c->sfd, ITEM_key(it), it->nkey,
        -:  920:                                   (ret == 1) ? it->nbytes : -1, cas);
        -:  921:          break;
        -:  922:      case NREAD_PREPEND:
        -:  923:          MEMCACHED_COMMAND_PREPEND(c->sfd, ITEM_key(it), it->nkey,
        -:  924:                                    (ret == 1) ? it->nbytes : -1, cas);
        -:  925:          break;
        -:  926:      case NREAD_SET:
        -:  927:          MEMCACHED_COMMAND_SET(c->sfd, ITEM_key(it), it->nkey,
        -:  928:                                (ret == 1) ? it->nbytes : -1, cas);
        -:  929:          break;
        -:  930:      case NREAD_CAS:
        -:  931:          MEMCACHED_COMMAND_CAS(c->sfd, ITEM_key(it), it->nkey, it->nbytes,
        -:  932:                                cas);
        -:  933:          break;
        -:  934:      }
        -:  935:#endif
        -:  936:
    32748:  937:      switch (ret) {
        -:  938:      case STORED:
    32737:  939:          out_string(c, "STORED");
    32737:  940:          break;
        -:  941:      case EXISTS:
        5:  942:          out_string(c, "EXISTS");
        5:  943:          break;
        -:  944:      case NOT_FOUND:
        2:  945:          out_string(c, "NOT_FOUND");
        2:  946:          break;
        -:  947:      case NOT_STORED:
        4:  948:          out_string(c, "NOT_STORED");
        4:  949:          break;
        -:  950:      default:
    #####:  951:          out_string(c, "SERVER_ERROR Unhandled storage type.");
        -:  952:      }
        -:  953:
        -:  954:    }
        -:  955:
    32748:  956:    item_remove(c->item);       /* release the c->item reference */
    32748:  957:    c->item = 0;
    32748:  958:}
        -:  959:
        -:  960:/**
        -:  961: * get a pointer to the start of the request struct for the current command
        -:  962: */
    20366:  963:static void* binary_get_request(conn *c) {
    20366:  964:    char *ret = c->rcurr;
    40732:  965:    ret -= (sizeof(c->binary_header) + c->binary_header.request.keylen +
    20366:  966:            c->binary_header.request.extlen);
        -:  967:
    20366:  968:    assert(ret >= c->rbuf);
    20366:  969:    return ret;
        -:  970:}
        -:  971:
        -:  972:/**
        -:  973: * get a pointer to the key in this request
        -:  974: */
        -:  975:static char* binary_get_key(conn *c) {
    21071:  976:    return c->rcurr - (c->binary_header.request.keylen);
        -:  977:}
        -:  978:
     4365:  979:static void add_bin_header(conn *c, uint16_t err, uint8_t hdr_len, uint16_t key_len, uint32_t body_len) {
        -:  980:    protocol_binary_response_header* header;
        -:  981:
     4365:  982:    assert(c);
        -:  983:
     4365:  984:    c->msgcurr = 0;
     4365:  985:    c->msgused = 0;
     4365:  986:    c->iovused = 0;
     4365:  987:    if (add_msghdr(c) != 0) {
        -:  988:        /* This should never run out of memory because iov and msg lists
        -:  989:         * have minimum sizes big enough to hold an error response.
        -:  990:         */
    #####:  991:        out_of_memory(c, "SERVER_ERROR out of memory adding binary header");
     4365:  992:        return;
        -:  993:    }
        -:  994:
     4365:  995:    header = (protocol_binary_response_header *)c->wbuf;
        -:  996:
     4365:  997:    header->response.magic = (uint8_t)PROTOCOL_BINARY_RES;
     4365:  998:    header->response.opcode = c->binary_header.request.opcode;
     4365:  999:    header->response.keylen = (uint16_t)htons(key_len);
        -: 1000:
     4365: 1001:    header->response.extlen = (uint8_t)hdr_len;
     4365: 1002:    header->response.datatype = (uint8_t)PROTOCOL_BINARY_RAW_BYTES;
     4365: 1003:    header->response.status = (uint16_t)htons(err);
        -: 1004:
     4365: 1005:    header->response.bodylen = htonl(body_len);
     4365: 1006:    header->response.opaque = c->opaque;
     4365: 1007:    header->response.cas = htonll(c->cas);
        -: 1008:
     4365: 1009:    if (settings.verbose > 1) {
        -: 1010:        int ii;
    #####: 1011:        fprintf(stderr, ">%d Writing bin response:", c->sfd);
    #####: 1012:        for (ii = 0; ii < sizeof(header->bytes); ++ii) {
    #####: 1013:            if (ii % 4 == 0) {
    #####: 1014:                fprintf(stderr, "\n>%d  ", c->sfd);
        -: 1015:            }
    #####: 1016:            fprintf(stderr, " 0x%02x", header->bytes[ii]);
        -: 1017:        }
    #####: 1018:        fprintf(stderr, "\n");
        -: 1019:    }
        -: 1020:
     4365: 1021:    add_iov(c, c->wbuf, sizeof(header->response));
        -: 1022:}
        -: 1023:
        -: 1024:/**
        -: 1025: * Writes a binary error response. If errstr is supplied, it is used as the
        -: 1026: * error text; otherwise a generic description of the error status code is
        -: 1027: * included.
        -: 1028: */
     3509: 1029:static void write_bin_error(conn *c, protocol_binary_response_status err,
        -: 1030:                            const char *errstr, int swallow) {
        -: 1031:    size_t len;
        -: 1032:
     3509: 1033:    if (!errstr) {
     3509: 1034:        switch (err) {
        -: 1035:        case PROTOCOL_BINARY_RESPONSE_ENOMEM:
        -: 1036:            errstr = "Out of memory";
        -: 1037:            break;
        -: 1038:        case PROTOCOL_BINARY_RESPONSE_UNKNOWN_COMMAND:
     3284: 1039:            errstr = "Unknown command";
     3284: 1040:            break;
        -: 1041:        case PROTOCOL_BINARY_RESPONSE_KEY_ENOENT:
      144: 1042:            errstr = "Not found";
      144: 1043:            break;
        -: 1044:        case PROTOCOL_BINARY_RESPONSE_EINVAL:
        1: 1045:            errstr = "Invalid arguments";
        1: 1046:            break;
        -: 1047:        case PROTOCOL_BINARY_RESPONSE_KEY_EEXISTS:
       21: 1048:            errstr = "Data exists for key.";
       21: 1049:            break;
        -: 1050:        case PROTOCOL_BINARY_RESPONSE_E2BIG:
        1: 1051:            errstr = "Too large.";
        1: 1052:            break;
        -: 1053:        case PROTOCOL_BINARY_RESPONSE_DELTA_BADVAL:
        3: 1054:            errstr = "Non-numeric server-side value for incr or decr";
        3: 1055:            break;
        -: 1056:        case PROTOCOL_BINARY_RESPONSE_NOT_STORED:
       55: 1057:            errstr = "Not stored.";
       55: 1058:            break;
        -: 1059:        case PROTOCOL_BINARY_RESPONSE_AUTH_ERROR:
    #####: 1060:            errstr = "Auth failure.";
    #####: 1061:            break;
        -: 1062:        default:
    #####: 1063:            assert(false);
        -: 1064:            errstr = "UNHANDLED ERROR";
        -: 1065:            fprintf(stderr, ">%d UNHANDLED ERROR: %d\n", c->sfd, err);
        -: 1066:        }
        -: 1067:    }
        -: 1068:
     3509: 1069:    if (settings.verbose > 1) {
    #####: 1070:        fprintf(stderr, ">%d Writing an error: %s\n", c->sfd, errstr);
        -: 1071:    }
        -: 1072:
     3509: 1073:    len = strlen(errstr);
     3509: 1074:    add_bin_header(c, err, 0, 0, len);
     3509: 1075:    if (len > 0) {
     3509: 1076:        add_iov(c, errstr, len);
        -: 1077:    }
     3509: 1078:    conn_set_state(c, conn_mwrite);
     3509: 1079:    if(swallow > 0) {
        1: 1080:        c->sbytes = swallow;
        1: 1081:        c->write_and_go = conn_swallow;
        -: 1082:    } else {
     3508: 1083:        c->write_and_go = conn_new_cmd;
        -: 1084:    }
     3509: 1085:}
        -: 1086:
        -: 1087:/* Form and send a response to a command over the binary protocol */
    20232: 1088:static void write_bin_response(conn *c, void *d, int hlen, int keylen, int dlen) {
    20232: 1089:    if (!c->noreply || c->cmd == PROTOCOL_BINARY_CMD_GET ||
        -: 1090:        c->cmd == PROTOCOL_BINARY_CMD_GETK) {
      246: 1091:        add_bin_header(c, 0, hlen, keylen, dlen);
      246: 1092:        if(dlen > 0) {
       92: 1093:            add_iov(c, d, dlen);
        -: 1094:        }
      246: 1095:        conn_set_state(c, conn_mwrite);
      246: 1096:        c->write_and_go = conn_new_cmd;
        -: 1097:    } else {
    19986: 1098:        conn_set_state(c, conn_new_cmd);
        -: 1099:    }
    20232: 1100:}
        -: 1101:
      384: 1102:static void complete_incr_bin(conn *c) {
        -: 1103:    item *it;
        -: 1104:    char *key;
        -: 1105:    size_t nkey;
        -: 1106:    /* Weird magic in add_delta forces me to pad here */
        -: 1107:    char tmpbuf[INCR_MAX_STORAGE_LEN];
      128: 1108:    uint64_t cas = 0;
        -: 1109:
      128: 1110:    protocol_binary_response_incr* rsp = (protocol_binary_response_incr*)c->wbuf;
      128: 1111:    protocol_binary_request_incr* req = binary_get_request(c);
        -: 1112:
      128: 1113:    assert(c != NULL);
      128: 1114:    assert(c->wsize >= sizeof(*rsp));
        -: 1115:
        -: 1116:    /* fix byteorder in the request */
      128: 1117:    req->message.body.delta = ntohll(req->message.body.delta);
      128: 1118:    req->message.body.initial = ntohll(req->message.body.initial);
      256: 1119:    req->message.body.expiration = ntohl(req->message.body.expiration);
      384: 1120:    key = binary_get_key(c);
      128: 1121:    nkey = c->binary_header.request.keylen;
        -: 1122:
      128: 1123:    if (settings.verbose > 1) {
        -: 1124:        int i;
    #####: 1125:        fprintf(stderr, "incr ");
        -: 1126:
    #####: 1127:        for (i = 0; i < nkey; i++) {
    #####: 1128:            fprintf(stderr, "%c", key[i]);
        -: 1129:        }
    #####: 1130:        fprintf(stderr, " %lld, %llu, %d\n",
    #####: 1131:                (long long)req->message.body.delta,
    #####: 1132:                (long long)req->message.body.initial,
        -: 1133:                req->message.body.expiration);
        -: 1134:    }
        -: 1135:
      128: 1136:    if (c->binary_header.request.cas != 0) {
    #####: 1137:        cas = c->binary_header.request.cas;
        -: 1138:    }
      128: 1139:    switch(add_delta(c, key, nkey, c->cmd == PROTOCOL_BINARY_CMD_INCREMENT,
      128: 1140:                     req->message.body.delta, tmpbuf,
        -: 1141:                     &cas)) {
        -: 1142:    case OK:
       56: 1143:        rsp->message.body.value = htonll(strtoull(tmpbuf, NULL, 10));
       56: 1144:        if (cas) {
       56: 1145:            c->cas = cas;
        -: 1146:        }
       56: 1147:        write_bin_response(c, &rsp->message.body, 0, 0,
        -: 1148:                           sizeof(rsp->message.body.value));
       56: 1149:        break;
        -: 1150:    case NON_NUMERIC:
        3: 1151:        write_bin_error(c, PROTOCOL_BINARY_RESPONSE_DELTA_BADVAL, NULL, 0);
        3: 1152:        break;
        -: 1153:    case EOM:
    #####: 1154:        out_of_memory(c, "SERVER_ERROR Out of memory incrementing value");
    #####: 1155:        break;
        -: 1156:    case DELTA_ITEM_NOT_FOUND:
       69: 1157:        if (req->message.body.expiration != 0xffffffff) {
        -: 1158:            /* Save some room for the response */
       69: 1159:            rsp->message.body.value = htonll(req->message.body.initial);
        -: 1160:
        -: 1161:            snprintf(tmpbuf, INCR_MAX_STORAGE_LEN, "%llu",
       69: 1162:                (unsigned long long)req->message.body.initial);
       69: 1163:            int res = strlen(tmpbuf);
      138: 1164:            it = item_alloc(key, nkey, 0, realtime(req->message.body.expiration),
        -: 1165:                            res + 2);
        -: 1166:
       69: 1167:            if (it != NULL) {
       69: 1168:                memcpy(ITEM_data(it), tmpbuf, res);
       69: 1169:                memcpy(ITEM_data(it) + res, "\r\n", 2);
        -: 1170:
       69: 1171:                if (store_item(it, NREAD_ADD, c)) {
       69: 1172:                    c->cas = ITEM_get_cas(it);
       69: 1173:                    write_bin_response(c, &rsp->message.body, 0, 0, sizeof(rsp->message.body.value));
        -: 1174:                } else {
    #####: 1175:                    write_bin_error(c, PROTOCOL_BINARY_RESPONSE_NOT_STORED,
        -: 1176:                                    NULL, 0);
        -: 1177:                }
       69: 1178:                item_remove(it);         /* release our reference */
        -: 1179:            } else {
    #####: 1180:                out_of_memory(c,
        -: 1181:                        "SERVER_ERROR Out of memory allocating new item");
        -: 1182:            }
        -: 1183:        } else {
    #####: 1184:            pthread_mutex_lock(&c->thread->stats.mutex);
    #####: 1185:            if (c->cmd == PROTOCOL_BINARY_CMD_INCREMENT) {
    #####: 1186:                c->thread->stats.incr_misses++;
        -: 1187:            } else {
    #####: 1188:                c->thread->stats.decr_misses++;
        -: 1189:            }
    #####: 1190:            pthread_mutex_unlock(&c->thread->stats.mutex);
        -: 1191:
    #####: 1192:            write_bin_error(c, PROTOCOL_BINARY_RESPONSE_KEY_ENOENT, NULL, 0);
        -: 1193:        }
        -: 1194:        break;
        -: 1195:    case DELTA_ITEM_CAS_MISMATCH:
    #####: 1196:        write_bin_error(c, PROTOCOL_BINARY_RESPONSE_KEY_EEXISTS, NULL, 0);
    #####: 1197:        break;
        -: 1198:    }
      128: 1199:}
        -: 1200:
    20128: 1201:static void complete_update_bin(conn *c) {
    20128: 1202:    protocol_binary_response_status eno = PROTOCOL_BINARY_RESPONSE_EINVAL;
    20128: 1203:    enum store_item_type ret = NOT_STORED;
    20128: 1204:    assert(c != NULL);
        -: 1205:
    20128: 1206:    item *it = c->item;
        -: 1207:
    20128: 1208:    pthread_mutex_lock(&c->thread->stats.mutex);
    20128: 1209:    c->thread->stats.slab_stats[ITEM_clsid(it)].set_cmds++;
    20128: 1210:    pthread_mutex_unlock(&c->thread->stats.mutex);
        -: 1211:
        -: 1212:    /* We don't actually receive the trailing two characters in the bin
        -: 1213:     * protocol, so we're going to just set them here */
    20128: 1214:    *(ITEM_data(it) + it->nbytes - 2) = '\r';
    20128: 1215:    *(ITEM_data(it) + it->nbytes - 1) = '\n';
        -: 1216:
    20128: 1217:    ret = store_item(it, c->cmd, c);
        -: 1218:
        -: 1219:#ifdef ENABLE_DTRACE
        -: 1220:    uint64_t cas = ITEM_get_cas(it);
        -: 1221:    switch (c->cmd) {
        -: 1222:    case NREAD_ADD:
        -: 1223:        MEMCACHED_COMMAND_ADD(c->sfd, ITEM_key(it), it->nkey,
        -: 1224:                              (ret == STORED) ? it->nbytes : -1, cas);
        -: 1225:        break;
        -: 1226:    case NREAD_REPLACE:
        -: 1227:        MEMCACHED_COMMAND_REPLACE(c->sfd, ITEM_key(it), it->nkey,
        -: 1228:                                  (ret == STORED) ? it->nbytes : -1, cas);
        -: 1229:        break;
        -: 1230:    case NREAD_APPEND:
        -: 1231:        MEMCACHED_COMMAND_APPEND(c->sfd, ITEM_key(it), it->nkey,
        -: 1232:                                 (ret == STORED) ? it->nbytes : -1, cas);
        -: 1233:        break;
        -: 1234:    case NREAD_PREPEND:
        -: 1235:        MEMCACHED_COMMAND_PREPEND(c->sfd, ITEM_key(it), it->nkey,
        -: 1236:                                 (ret == STORED) ? it->nbytes : -1, cas);
        -: 1237:        break;
        -: 1238:    case NREAD_SET:
        -: 1239:        MEMCACHED_COMMAND_SET(c->sfd, ITEM_key(it), it->nkey,
        -: 1240:                              (ret == STORED) ? it->nbytes : -1, cas);
        -: 1241:        break;
        -: 1242:    }
        -: 1243:#endif
        -: 1244:
    20128: 1245:    switch (ret) {
        -: 1246:    case STORED:
        -: 1247:        /* Stored */
    20018: 1248:        write_bin_response(c, NULL, 0, 0, 0);
    20018: 1249:        break;
        -: 1250:    case EXISTS:
        2: 1251:        write_bin_error(c, PROTOCOL_BINARY_RESPONSE_KEY_EEXISTS, NULL, 0);
        2: 1252:        break;
        -: 1253:    case NOT_FOUND:
        1: 1254:        write_bin_error(c, PROTOCOL_BINARY_RESPONSE_KEY_ENOENT, NULL, 0);
        1: 1255:        break;
        -: 1256:    case NOT_STORED:
      107: 1257:        if (c->cmd == NREAD_ADD) {
        -: 1258:            eno = PROTOCOL_BINARY_RESPONSE_KEY_EEXISTS;
       88: 1259:        } else if(c->cmd == NREAD_REPLACE) {
        -: 1260:            eno = PROTOCOL_BINARY_RESPONSE_KEY_ENOENT;
        -: 1261:        } else {
       55: 1262:            eno = PROTOCOL_BINARY_RESPONSE_NOT_STORED;
        -: 1263:        }
      107: 1264:        write_bin_error(c, eno, NULL, 0);
        -: 1265:    }
        -: 1266:
    20128: 1267:    item_remove(c->item);       /* release the c->item reference */
    20128: 1268:    c->item = 0;
    20128: 1269:}
        -: 1270:
     2262: 1271:static void process_bin_get_or_touch(conn *c) {
        -: 1272:    item *it;
        -: 1273:
      754: 1274:    protocol_binary_response_get* rsp = (protocol_binary_response_get*)c->wbuf;
     2262: 1275:    char* key = binary_get_key(c);
      754: 1276:    size_t nkey = c->binary_header.request.keylen;
     1508: 1277:    int should_touch = (c->cmd == PROTOCOL_BINARY_CMD_TOUCH ||
      754: 1278:                        c->cmd == PROTOCOL_BINARY_CMD_GAT ||
        -: 1279:                        c->cmd == PROTOCOL_BINARY_CMD_GATK);
      754: 1280:    int should_return_key = (c->cmd == PROTOCOL_BINARY_CMD_GETK ||
        -: 1281:                             c->cmd == PROTOCOL_BINARY_CMD_GATK);
      754: 1282:    int should_return_value = (c->cmd != PROTOCOL_BINARY_CMD_TOUCH);
        -: 1283:
      754: 1284:    if (settings.verbose > 1) {
    #####: 1285:        fprintf(stderr, "<%d %s ", c->sfd, should_touch ? "TOUCH" : "GET");
    #####: 1286:        fwrite(key, 1, nkey, stderr);
    #####: 1287:        fputc('\n', stderr);
        -: 1288:    }
        -: 1289:
      754: 1290:    if (should_touch) {
       96: 1291:        protocol_binary_request_touch *t = binary_get_request(c);
      192: 1292:        time_t exptime = ntohl(t->message.body.expiration);
        -: 1293:
       96: 1294:        it = item_touch(key, nkey, realtime(exptime));
        -: 1295:    } else {
      658: 1296:        it = item_get(key, nkey);
        -: 1297:    }
        -: 1298:
      754: 1299:    if (it) {
        -: 1300:        /* the length has two unnecessary bytes ("\r\n") */
      591: 1301:        uint16_t keylen = 0;
      591: 1302:        uint32_t bodylen = sizeof(rsp->message.body) + (it->nbytes - 2);
        -: 1303:
      591: 1304:        item_update(it);
      591: 1305:        pthread_mutex_lock(&c->thread->stats.mutex);
      591: 1306:        if (should_touch) {
       27: 1307:            c->thread->stats.touch_cmds++;
       27: 1308:            c->thread->stats.slab_stats[ITEM_clsid(it)].touch_hits++;
        -: 1309:        } else {
      564: 1310:            c->thread->stats.get_cmds++;
      564: 1311:            c->thread->stats.slab_stats[ITEM_clsid(it)].get_hits++;
        -: 1312:        }
      591: 1313:        pthread_mutex_unlock(&c->thread->stats.mutex);
        -: 1314:
        -: 1315:        if (should_touch) {
        -: 1316:            MEMCACHED_COMMAND_TOUCH(c->sfd, ITEM_key(it), it->nkey,
        -: 1317:                                    it->nbytes, ITEM_get_cas(it));
        -: 1318:        } else {
        -: 1319:            MEMCACHED_COMMAND_GET(c->sfd, ITEM_key(it), it->nkey,
        -: 1320:                                  it->nbytes, ITEM_get_cas(it));
        -: 1321:        }
        -: 1322:
      591: 1323:        if (c->cmd == PROTOCOL_BINARY_CMD_TOUCH) {
        3: 1324:            bodylen -= it->nbytes - 2;
      588: 1325:        } else if (should_return_key) {
       26: 1326:            bodylen += nkey;
       26: 1327:            keylen = nkey;
        -: 1328:        }
        -: 1329:
      591: 1330:        add_bin_header(c, 0, sizeof(rsp->message.body), keylen, bodylen);
      591: 1331:        rsp->message.header.response.cas = htonll(ITEM_get_cas(it));
        -: 1332:
        -: 1333:        // add the flags
     1182: 1334:        rsp->message.body.flags = htonl(strtoul(ITEM_suffix(it), NULL, 10));
      591: 1335:        add_iov(c, &rsp->message.body, sizeof(rsp->message.body));
        -: 1336:
      591: 1337:        if (should_return_key) {
       26: 1338:            add_iov(c, ITEM_key(it), nkey);
        -: 1339:        }
        -: 1340:
      591: 1341:        if (should_return_value) {
        -: 1342:            /* Add the data minus the CRLF */
      588: 1343:            add_iov(c, ITEM_data(it), it->nbytes - 2);
        -: 1344:        }
        -: 1345:
      591: 1346:        conn_set_state(c, conn_mwrite);
      591: 1347:        c->write_and_go = conn_new_cmd;
        -: 1348:        /* Remember this command so we can garbage collect it later */
      591: 1349:        c->item = it;
        -: 1350:    } else {
      163: 1351:        pthread_mutex_lock(&c->thread->stats.mutex);
      163: 1352:        if (should_touch) {
       69: 1353:            c->thread->stats.touch_cmds++;
       69: 1354:            c->thread->stats.touch_misses++;
        -: 1355:        } else {
       94: 1356:            c->thread->stats.get_cmds++;
       94: 1357:            c->thread->stats.get_misses++;
        -: 1358:        }
      163: 1359:        pthread_mutex_unlock(&c->thread->stats.mutex);
        -: 1360:
        -: 1361:        if (should_touch) {
        -: 1362:            MEMCACHED_COMMAND_TOUCH(c->sfd, key, nkey, -1, 0);
        -: 1363:        } else {
        -: 1364:            MEMCACHED_COMMAND_GET(c->sfd, key, nkey, -1, 0);
        -: 1365:        }
        -: 1366:
      163: 1367:        if (c->noreply) {
       68: 1368:            conn_set_state(c, conn_new_cmd);
        -: 1369:        } else {
       95: 1370:            if (should_return_key) {
       19: 1371:                char *ofs = c->wbuf + sizeof(protocol_binary_response_header);
       19: 1372:                add_bin_header(c, PROTOCOL_BINARY_RESPONSE_KEY_ENOENT,
        -: 1373:                        0, nkey, nkey);
        -: 1374:                memcpy(ofs, key, nkey);
       19: 1375:                add_iov(c, ofs, nkey);
       19: 1376:                conn_set_state(c, conn_mwrite);
       19: 1377:                c->write_and_go = conn_new_cmd;
        -: 1378:            } else {
       76: 1379:                write_bin_error(c, PROTOCOL_BINARY_RESPONSE_KEY_ENOENT,
        -: 1380:                                NULL, 0);
        -: 1381:            }
        -: 1382:        }
        -: 1383:    }
        -: 1384:
      754: 1385:    if (settings.detail_enabled) {
      554: 1386:        stats_prefix_record_get(key, nkey, NULL != it);
        -: 1387:    }
      754: 1388:}
        -: 1389:
      904: 1390:static void append_bin_stats(const char *key, const uint16_t klen,
        -: 1391:                             const char *val, const uint32_t vlen,
        -: 1392:                             conn *c) {
      904: 1393:    char *buf = c->stats.buffer + c->stats.offset;
      904: 1394:    uint32_t bodylen = klen + vlen;
     3616: 1395:    protocol_binary_response_header header = {
        -: 1396:        .response.magic = (uint8_t)PROTOCOL_BINARY_RES,
        -: 1397:        .response.opcode = PROTOCOL_BINARY_CMD_STAT,
      904: 1398:        .response.keylen = (uint16_t)htons(klen),
        -: 1399:        .response.datatype = (uint8_t)PROTOCOL_BINARY_RAW_BYTES,
        -: 1400:        .response.bodylen = htonl(bodylen),
      904: 1401:        .response.opaque = c->opaque
        -: 1402:    };
        -: 1403:
        -: 1404:    memcpy(buf, header.bytes, sizeof(header.response));
      904: 1405:    buf += sizeof(header.response);
        -: 1406:
      904: 1407:    if (klen > 0) {
      885: 1408:        memcpy(buf, key, klen);
      885: 1409:        buf += klen;
        -: 1410:
      885: 1411:        if (vlen > 0) {
      885: 1412:            memcpy(buf, val, vlen);
        -: 1413:        }
        -: 1414:    }
        -: 1415:
      904: 1416:    c->stats.offset += sizeof(header.response) + bodylen;
      904: 1417:}
        -: 1418:
   208075: 1419:static void append_ascii_stats(const char *key, const uint16_t klen,
        -: 1420:                               const char *val, const uint32_t vlen,
        -: 1421:                               conn *c) {
   208075: 1422:    char *pos = c->stats.buffer + c->stats.offset;
   208075: 1423:    uint32_t nbytes = 0;
   208075: 1424:    int remaining = c->stats.size - c->stats.offset;
   208075: 1425:    int room = remaining - 1;
        -: 1426:
   208075: 1427:    if (klen == 0 && vlen == 0) {
     7726: 1428:        nbytes = snprintf(pos, room, "END\r\n");
   204212: 1429:    } else if (vlen == 0) {
    #####: 1430:        nbytes = snprintf(pos, room, "STAT %s\r\n", key);
        -: 1431:    } else {
   408424: 1432:        nbytes = snprintf(pos, room, "STAT %s %s\r\n", key, val);
        -: 1433:    }
        -: 1434:
   208075: 1435:    c->stats.offset += nbytes;
   208075: 1436:}
        -: 1437:
   208979: 1438:static bool grow_stats_buf(conn *c, size_t needed) {
   208979: 1439:    size_t nsize = c->stats.size;
   208979: 1440:    size_t available = nsize - c->stats.offset;
   208979: 1441:    bool rv = true;
        -: 1442:
        -: 1443:    /* Special case: No buffer -- need to allocate fresh */
   208979: 1444:    if (c->stats.buffer == NULL) {
     3883: 1445:        nsize = 1024;
     3883: 1446:        available = c->stats.size = c->stats.offset = 0;
        -: 1447:    }
        -: 1448:
   212876: 1449:    while (needed > available) {
     3897: 1450:        assert(nsize > 0);
     3897: 1451:        nsize = nsize << 1;
     3897: 1452:        available = nsize - c->stats.offset;
        -: 1453:    }
        -: 1454:
   208979: 1455:    if (nsize != c->stats.size) {
     3897: 1456:        char *ptr = realloc(c->stats.buffer, nsize);
     3897: 1457:        if (ptr) {
     3897: 1458:            c->stats.buffer = ptr;
     3897: 1459:            c->stats.size = nsize;
        -: 1460:        } else {
    #####: 1461:            STATS_LOCK();
    #####: 1462:            stats.malloc_fails++;
    #####: 1463:            STATS_UNLOCK();
    #####: 1464:            rv = false;
        -: 1465:        }
        -: 1466:    }
        -: 1467:
   208979: 1468:    return rv;
        -: 1469:}
        -: 1470:
   208979: 1471:static void append_stats(const char *key, const uint16_t klen,
        -: 1472:                  const char *val, const uint32_t vlen,
        -: 1473:                  const void *cookie)
        -: 1474:{
        -: 1475:    /* value without a key is invalid */
   208979: 1476:    if (klen == 0 && vlen > 0) {
        -: 1477:        return ;
        -: 1478:    }
        -: 1479:
   208979: 1480:    conn *c = (conn*)cookie;
        -: 1481:
   208979: 1482:    if (c->protocol == binary_prot) {
      904: 1483:        size_t needed = vlen + klen + sizeof(protocol_binary_response_header);
      904: 1484:        if (!grow_stats_buf(c, needed)) {
        -: 1485:            return ;
        -: 1486:        }
      904: 1487:        append_bin_stats(key, klen, val, vlen, c);
        -: 1488:    } else {
   208075: 1489:        size_t needed = vlen + klen + 10; // 10 == "STAT = \r\n"
   208075: 1490:        if (!grow_stats_buf(c, needed)) {
        -: 1491:            return ;
        -: 1492:        }
   208075: 1493:        append_ascii_stats(key, klen, val, vlen, c);
        -: 1494:    }
        -: 1495:
   208979: 1496:    assert(c->stats.offset <= c->stats.size);
        -: 1497:}
        -: 1498:
       38: 1499:static void process_bin_stat(conn *c) {
       57: 1500:    char *subcommand = binary_get_key(c);
       19: 1501:    size_t nkey = c->binary_header.request.keylen;
        -: 1502:
       19: 1503:    if (settings.verbose > 1) {
        -: 1504:        int ii;
    #####: 1505:        fprintf(stderr, "<%d STATS ", c->sfd);
    #####: 1506:        for (ii = 0; ii < nkey; ++ii) {
    #####: 1507:            fprintf(stderr, "%c", subcommand[ii]);
        -: 1508:        }
    #####: 1509:        fprintf(stderr, "\n");
        -: 1510:    }
        -: 1511:
       19: 1512:    if (nkey == 0) {
        -: 1513:        /* request all statistics */
       16: 1514:        server_stats(&append_stats, c);
       16: 1515:        (void)get_stats(NULL, 0, &append_stats, c);
        3: 1516:    } else if (strncmp(subcommand, "reset", 5) == 0) {
    #####: 1517:        stats_reset();
        3: 1518:    } else if (strncmp(subcommand, "settings", 8) == 0) {
        1: 1519:        process_stat_settings(&append_stats, c);
        2: 1520:    } else if (strncmp(subcommand, "detail", 6) == 0) {
        2: 1521:        char *subcmd_pos = subcommand + 6;
        2: 1522:        if (strncmp(subcmd_pos, " dump", 5) == 0) {
        -: 1523:            int len;
        1: 1524:            char *dump_buf = stats_prefix_dump(&len);
        1: 1525:            if (dump_buf == NULL || len <= 0) {
    #####: 1526:                out_of_memory(c, "SERVER_ERROR Out of memory generating stats");
    #####: 1527:                return ;
        -: 1528:            } else {
        1: 1529:                append_stats("detailed", strlen("detailed"), dump_buf, len, c);
        1: 1530:                free(dump_buf);
        -: 1531:            }
        1: 1532:        } else if (strncmp(subcmd_pos, " on", 3) == 0) {
        1: 1533:            settings.detail_enabled = 1;
    #####: 1534:        } else if (strncmp(subcmd_pos, " off", 4) == 0) {
    #####: 1535:            settings.detail_enabled = 0;
        -: 1536:        } else {
    #####: 1537:            write_bin_error(c, PROTOCOL_BINARY_RESPONSE_KEY_ENOENT, NULL, 0);
    #####: 1538:            return;
        -: 1539:        }
        -: 1540:    } else {
    #####: 1541:        if (get_stats(subcommand, nkey, &append_stats, c)) {
    #####: 1542:            if (c->stats.buffer == NULL) {
    #####: 1543:                out_of_memory(c, "SERVER_ERROR Out of memory generating stats");
        -: 1544:            } else {
    #####: 1545:                write_and_free(c, c->stats.buffer, c->stats.offset);
    #####: 1546:                c->stats.buffer = NULL;
        -: 1547:            }
        -: 1548:        } else {
    #####: 1549:            write_bin_error(c, PROTOCOL_BINARY_RESPONSE_KEY_ENOENT, NULL, 0);
        -: 1550:        }
        -: 1551:
        -: 1552:        return;
        -: 1553:    }
        -: 1554:
        -: 1555:    /* Append termination package and start the transfer */
       19: 1556:    append_stats(NULL, 0, NULL, 0, c);
       19: 1557:    if (c->stats.buffer == NULL) {
    #####: 1558:        out_of_memory(c, "SERVER_ERROR Out of memory preparing to send stats");
        -: 1559:    } else {
       19: 1560:        write_and_free(c, c->stats.buffer, c->stats.offset);
       19: 1561:        c->stats.buffer = NULL;
        -: 1562:    }
        -: 1563:}
        -: 1564:
    21108: 1565:static void bin_read_key(conn *c, enum bin_substates next_substate, int extra) {
    21108: 1566:    assert(c);
    21108: 1567:    c->substate = next_substate;
    21108: 1568:    c->rlbytes = c->keylen + extra;
        -: 1569:
        -: 1570:    /* Ok... do we have room for the extras and the key in the input buffer? */
    21108: 1571:    ptrdiff_t offset = c->rcurr + sizeof(protocol_binary_request_header) - c->rbuf;
    21108: 1572:    if (c->rlbytes > c->rsize - offset) {
        2: 1573:        size_t nsize = c->rsize;
        2: 1574:        size_t size = c->rlbytes + sizeof(protocol_binary_request_header);
        -: 1575:
        4: 1576:        while (size > nsize) {
    #####: 1577:            nsize *= 2;
        -: 1578:        }
        -: 1579:
        2: 1580:        if (nsize != c->rsize) {
    #####: 1581:            if (settings.verbose > 1) {
    #####: 1582:                fprintf(stderr, "%d: Need to grow buffer from %lu to %lu\n",
        -: 1583:                        c->sfd, (unsigned long)c->rsize, (unsigned long)nsize);
        -: 1584:            }
    #####: 1585:            char *newm = realloc(c->rbuf, nsize);
    #####: 1586:            if (newm == NULL) {
    #####: 1587:                STATS_LOCK();
    #####: 1588:                stats.malloc_fails++;
    #####: 1589:                STATS_UNLOCK();
    #####: 1590:                if (settings.verbose) {
    #####: 1591:                    fprintf(stderr, "%d: Failed to grow buffer.. closing connection\n",
        -: 1592:                            c->sfd);
        -: 1593:                }
    #####: 1594:                conn_set_state(c, conn_closing);
    21108: 1595:                return;
        -: 1596:            }
        -: 1597:
    #####: 1598:            c->rbuf= newm;
        -: 1599:            /* rcurr should point to the same offset in the packet */
    #####: 1600:            c->rcurr = c->rbuf + offset - sizeof(protocol_binary_request_header);
    #####: 1601:            c->rsize = nsize;
        -: 1602:        }
        2: 1603:        if (c->rbuf != c->rcurr) {
        2: 1604:            memmove(c->rbuf, c->rcurr, c->rbytes);
        2: 1605:            c->rcurr = c->rbuf;
        2: 1606:            if (settings.verbose > 1) {
    #####: 1607:                fprintf(stderr, "%d: Repack input buffer\n", c->sfd);
        -: 1608:            }
        -: 1609:        }
        -: 1610:    }
        -: 1611:
        -: 1612:    /* preserve the header in the buffer.. */
    21108: 1613:    c->ritem = c->rcurr + sizeof(protocol_binary_request_header);
    21108: 1614:    conn_set_state(c, conn_nread);
        -: 1615:}
        -: 1616:
        -: 1617:/* Just write an error message and disconnect the client */
        1: 1618:static void handle_binary_protocol_error(conn *c) {
        1: 1619:    write_bin_error(c, PROTOCOL_BINARY_RESPONSE_EINVAL, NULL, 0);
        1: 1620:    if (settings.verbose) {
    #####: 1621:        fprintf(stderr, "Protocol error (opcode %02x), close connection %d\n",
    #####: 1622:                c->binary_header.request.opcode, c->sfd);
        -: 1623:    }
        1: 1624:    c->write_and_go = conn_closing;
        1: 1625:}
        -: 1626:
    #####: 1627:static void init_sasl_conn(conn *c) {
    #####: 1628:    assert(c);
        -: 1629:    /* should something else be returned? */
    #####: 1630:    if (!settings.sasl)
    #####: 1631:        return;
        -: 1632:
    #####: 1633:    c->authenticated = false;
        -: 1634:
    #####: 1635:    if (!c->sasl_conn) {
    #####: 1636:        int result=sasl_server_new("memcached",
        -: 1637:                                   NULL,
        -: 1638:                                   my_sasl_hostname[0] ? my_sasl_hostname : NULL,
        -: 1639:                                   NULL, NULL,
        -: 1640:                                   NULL, 0, &c->sasl_conn);
        -: 1641:        if (result != SASL_OK) {
    #####: 1642:            if (settings.verbose) {
    #####: 1643:                fprintf(stderr, "Failed to initialize SASL conn.\n");
        -: 1644:            }
    #####: 1645:            c->sasl_conn = NULL;
        -: 1646:        }
        -: 1647:    }
        -: 1648:}
        -: 1649:
    #####: 1650:static void bin_list_sasl_mechs(conn *c) {
        -: 1651:    // Guard against a disabled SASL.
    #####: 1652:    if (!settings.sasl) {
    #####: 1653:        write_bin_error(c, PROTOCOL_BINARY_RESPONSE_UNKNOWN_COMMAND, NULL,
    #####: 1654:                        c->binary_header.request.bodylen
    #####: 1655:                        - c->binary_header.request.keylen);
    #####: 1656:        return;
        -: 1657:    }
        -: 1658:
    #####: 1659:    init_sasl_conn(c);
    #####: 1660:    const char *result_string = NULL;
    #####: 1661:    unsigned int string_length = 0;
    #####: 1662:    int result=sasl_listmech(c->sasl_conn, NULL,
        -: 1663:                             "",   /* What to prepend the string with */
        -: 1664:                             " ",  /* What to separate mechanisms with */
        -: 1665:                             "",   /* What to append to the string */
        -: 1666:                             &result_string, &string_length,
        -: 1667:                             NULL);
        -: 1668:    if (result != SASL_OK) {
        -: 1669:        /* Perhaps there's a better error for this... */
    #####: 1670:        if (settings.verbose) {
    #####: 1671:            fprintf(stderr, "Failed to list SASL mechanisms.\n");
        -: 1672:        }
    #####: 1673:        write_bin_error(c, PROTOCOL_BINARY_RESPONSE_AUTH_ERROR, NULL, 0);
    #####: 1674:        return;
        -: 1675:    }
        -: 1676:    write_bin_response(c, (char*)result_string, 0, 0, string_length);
        -: 1677:}
        -: 1678:
    #####: 1679:static void process_bin_sasl_auth(conn *c) {
        -: 1680:    // Guard for handling disabled SASL on the server.
    #####: 1681:    if (!settings.sasl) {
    #####: 1682:        write_bin_error(c, PROTOCOL_BINARY_RESPONSE_UNKNOWN_COMMAND, NULL,
    #####: 1683:                        c->binary_header.request.bodylen
    #####: 1684:                        - c->binary_header.request.keylen);
    #####: 1685:        return;
        -: 1686:    }
        -: 1687:
[...]
       21: 5406:            while (*subopts != '\0') {
        -: 5407:
       11: 5408:            switch (getsubopt(&subopts, subopts_tokens, &subopts_value)) {
        -: 5409:            case MAXCONNS_FAST:
    #####: 5410:                settings.maxconns_fast = true;
    #####: 5411:                break;
        -: 5412:            case HASHPOWER_INIT:
    #####: 5413:                if (subopts_value == NULL) {
    #####: 5414:                    fprintf(stderr, "Missing numeric argument for hashpower\n");
    #####: 5415:                    return 1;
        -: 5416:                }
    #####: 5417:                settings.hashpower_init = atoi(subopts_value);
    #####: 5418:                if (settings.hashpower_init < 12) {
    #####: 5419:                    fprintf(stderr, "Initial hashtable multiplier of %d is too low\n",
        -: 5420:                        settings.hashpower_init);
    #####: 5421:                    return 1;
    #####: 5422:                } else if (settings.hashpower_init > 64) {
    #####: 5423:                    fprintf(stderr, "Initial hashtable multiplier of %d is too high\n"
        -: 5424:                        "Choose a value based on \"STAT hash_power_level\" from a running instance\n",
        -: 5425:                        settings.hashpower_init);
    #####: 5426:                    return 1;
        -: 5427:                }
        -: 5428:                break;
        -: 5429:            case SLAB_REASSIGN:
        2: 5430:                settings.slab_reassign = true;
        2: 5431:                break;
        -: 5432:            case SLAB_AUTOMOVE:
        1: 5433:                if (subopts_value == NULL) {
    #####: 5434:                    settings.slab_automove = 1;
    #####: 5435:                    break;
        -: 5436:                }
        2: 5437:                settings.slab_automove = atoi(subopts_value);
        1: 5438:                if (settings.slab_automove < 0 || settings.slab_automove > 2) {
    #####: 5439:                    fprintf(stderr, "slab_automove must be between 0 and 2\n");
    #####: 5440:                    return 1;
        -: 5441:                }
        -: 5442:                break;
        -: 5443:            case TAIL_REPAIR_TIME:
    #####: 5444:                if (subopts_value == NULL) {
    #####: 5445:                    fprintf(stderr, "Missing numeric argument for tail_repair_time\n");
    #####: 5446:                    return 1;
        -: 5447:                }
    #####: 5448:                settings.tail_repair_time = atoi(subopts_value);
    #####: 5449:                if (settings.tail_repair_time < 10) {
    #####: 5450:                    fprintf(stderr, "Cannot set tail_repair_time to less than 10 seconds\n");
    #####: 5451:                    return 1;
        -: 5452:                }
        -: 5453:                break;
        -: 5454:            case HASH_ALGORITHM:
    #####: 5455:                if (subopts_value == NULL) {
    #####: 5456:                    fprintf(stderr, "Missing hash_algorithm argument\n");
    #####: 5457:                    return 1;
        -: 5458:                };
    #####: 5459:                if (strcmp(subopts_value, "jenkins") == 0) {
        -: 5460:                    hash_type = JENKINS_HASH;
    #####: 5461:                } else if (strcmp(subopts_value, "murmur3") == 0) {
        -: 5462:                    hash_type = MURMUR3_HASH;
        -: 5463:                } else {
    #####: 5464:                    fprintf(stderr, "Unknown hash_algorithm option (jenkins, murmur3)\n");
    #####: 5465:                    return 1;
        -: 5466:                }
        -: 5467:                break;
        -: 5468:            case LRU_CRAWLER:
        -: 5469:                start_lru_crawler = true;
        -: 5470:                break;
        -: 5471:            case LRU_CRAWLER_SLEEP:
    #####: 5472:                if (subopts_value == NULL) {
    #####: 5473:                    fprintf(stderr, "Missing lru_crawler_sleep value\n");
    #####: 5474:                    return 1;
        -: 5475:                }
    #####: 5476:                settings.lru_crawler_sleep = atoi(subopts_value);
    #####: 5477:                if (settings.lru_crawler_sleep > 1000000 || settings.lru_crawler_sleep < 0) {
    #####: 5478:                    fprintf(stderr, "LRU crawler sleep must be between 0 and 1 second\n");
    #####: 5479:                    return 1;
        -: 5480:                }
        -: 5481:                break;
        -: 5482:            case LRU_CRAWLER_TOCRAWL:
    #####: 5483:                if (subopts_value == NULL) {
    #####: 5484:                    fprintf(stderr, "Missing lru_crawler_tocrawl value\n");
    #####: 5485:                    return 1;
        -: 5486:                }
    #####: 5487:                if (!safe_strtoul(subopts_value, &tocrawl)) {
    #####: 5488:                    fprintf(stderr, "lru_crawler_tocrawl takes a numeric 32bit value\n");
    #####: 5489:                    return 1;
        -: 5490:                }
    #####: 5491:                settings.lru_crawler_tocrawl = tocrawl;
    #####: 5492:                break;
        -: 5493:            case LRU_MAINTAINER:
        3: 5494:                start_lru_maintainer = true;
        3: 5495:                break;
        -: 5496:            case HOT_LRU_PCT:
    #####: 5497:                if (subopts_value == NULL) {
    #####: 5498:                    fprintf(stderr, "Missing hot_lru_pct argument\n");
    #####: 5499:                    return 1;
        -: 5500:                };
    #####: 5501:                settings.hot_lru_pct = atoi(subopts_value);
    #####: 5502:                if (settings.hot_lru_pct < 1 || settings.hot_lru_pct >= 80) {
    #####: 5503:                    fprintf(stderr, "hot_lru_pct must be > 1 and < 80\n");
    #####: 5504:                    return 1;
        -: 5505:                }
        -: 5506:                break;
        -: 5507:            case WARM_LRU_PCT:
    #####: 5508:                if (subopts_value == NULL) {
    #####: 5509:                    fprintf(stderr, "Missing warm_lru_pct argument\n");
    #####: 5510:                    return 1;
        -: 5511:                };
    #####: 5512:                settings.warm_lru_pct = atoi(subopts_value);
    #####: 5513:                if (settings.warm_lru_pct < 1 || settings.warm_lru_pct >= 80) {
    #####: 5514:                    fprintf(stderr, "warm_lru_pct must be > 1 and < 80\n");
    #####: 5515:                    return 1;
        -: 5516:                }
        -: 5517:                break;
        -: 5518:            case NOEXP_NOEVICT:
        1: 5519:                settings.expirezero_does_not_evict = true;
        1: 5520:                break;
        -: 5521:            default:
    #####: 5522:                printf("Illegal suboption \"%s\"\n", subopts_value);
    #####: 5523:                return 1;
        -: 5524:            }
        -: 5525:
        -: 5526:            }
        5: 5527:            free(subopts_orig);
        5: 5528:            break;
        -: 5529:        default:
    #####: 5530:            fprintf(stderr, "Illegal argument \"%c\"\n", c);
    #####: 5531:            return 1;
        -: 5532:        }
        -: 5533:    }
        -: 5534:
       84: 5535:    if (settings.lru_maintainer_thread && settings.hot_lru_pct + settings.warm_lru_pct > 80) {
    #####: 5536:        fprintf(stderr, "hot_lru_pct + warm_lru_pct cannot be more than 80%% combined\n");
    #####: 5537:        exit(EX_USAGE);
        -: 5538:    }
        -: 5539:
       84: 5540:    if (hash_init(hash_type) != 0) {
    #####: 5541:        fprintf(stderr, "Failed to initialize hash_algorithm!\n");
    #####: 5542:        exit(EX_USAGE);
        -: 5543:    }
        -: 5544:
        -: 5545:    /*
        -: 5546:     * Use one workerthread to serve each UDP port if the user specified
        -: 5547:     * multiple ports
        -: 5548:     */
       84: 5549:    if (settings.inter != NULL && strchr(settings.inter, ',')) {
    #####: 5550:        settings.num_threads_per_udp = 1;
        -: 5551:    } else {
       84: 5552:        settings.num_threads_per_udp = settings.num_threads;
        -: 5553:    }
        -: 5554:
       84: 5555:    if (settings.sasl) {
    #####: 5556:        if (!protocol_specified) {
    #####: 5557:            settings.binding_protocol = binary_prot;
        -: 5558:        } else {
    #####: 5559:            if (settings.binding_protocol != binary_prot) {
    #####: 5560:                fprintf(stderr, "ERROR: You cannot allow the ASCII protocol while using SASL.\n");
    #####: 5561:                exit(EX_USAGE);
        -: 5562:            }
        -: 5563:        }
        -: 5564:    }
        -: 5565:
       84: 5566:    if (tcp_specified && !udp_specified) {
        3: 5567:        settings.udpport = settings.port;
       81: 5568:    } else if (udp_specified && !tcp_specified) {
        3: 5569:        settings.port = settings.udpport;
        -: 5570:    }
        -: 5571:
       84: 5572:    if (maxcore != 0) {
        -: 5573:        struct rlimit rlim_new;
        -: 5574:        /*
        -: 5575:         * First try raising to infinity; if that fails, try bringing
        -: 5576:         * the soft limit to the hard.
        -: 5577:         */
    #####: 5578:        if (getrlimit(RLIMIT_CORE, &rlim) == 0) {
    #####: 5579:            rlim_new.rlim_cur = rlim_new.rlim_max = RLIM_INFINITY;
    #####: 5580:            if (setrlimit(RLIMIT_CORE, &rlim_new)!= 0) {
        -: 5581:                /* failed. try raising just to the old max */
    #####: 5582:                rlim_new.rlim_cur = rlim_new.rlim_max = rlim.rlim_max;
    #####: 5583:                (void)setrlimit(RLIMIT_CORE, &rlim_new);
        -: 5584:            }
        -: 5585:        }
        -: 5586:        /*
        -: 5587:         * getrlimit again to see what we ended up with. Only fail if
        -: 5588:         * the soft limit ends up 0, because then no core files will be
        -: 5589:         * created at all.
        -: 5590:         */
        -: 5591:
    #####: 5592:        if ((getrlimit(RLIMIT_CORE, &rlim) != 0) || rlim.rlim_cur == 0) {
    #####: 5593:            fprintf(stderr, "failed to ensure corefile creation\n");
    #####: 5594:            exit(EX_OSERR);
        -: 5595:        }
        -: 5596:    }
        -: 5597:
        -: 5598:    /*
        -: 5599:     * If needed, increase rlimits to allow as many connections
        -: 5600:     * as needed.
        -: 5601:     */
        -: 5602:
       84: 5603:    if (getrlimit(RLIMIT_NOFILE, &rlim) != 0) {
    #####: 5604:        fprintf(stderr, "failed to getrlimit number of files\n");
    #####: 5605:        exit(EX_OSERR);
        -: 5606:    } else {
       84: 5607:        rlim.rlim_cur = settings.maxconns;
       84: 5608:        rlim.rlim_max = settings.maxconns;
       84: 5609:        if (setrlimit(RLIMIT_NOFILE, &rlim) != 0) {
    #####: 5610:            fprintf(stderr, "failed to set rlimit for open files. Try starting as root or requesting smaller maxconns value.\n");
    #####: 5611:            exit(EX_OSERR);
        -: 5612:        }
        -: 5613:    }
        -: 5614:
        -: 5615:    /* lose root privileges if we have them */
       84: 5616:    if (getuid() == 0 || geteuid() == 0) {
    #####: 5617:        if (username == 0 || *username == '\0') {
    #####: 5618:            fprintf(stderr, "can't run as root without the -u switch\n");
    #####: 5619:            exit(EX_USAGE);
        -: 5620:        }
    #####: 5621:        if ((pw = getpwnam(username)) == 0) {
    #####: 5622:            fprintf(stderr, "can't find the user %s to switch to\n", username);
    #####: 5623:            exit(EX_NOUSER);
        -: 5624:        }
    #####: 5625:        if (setgid(pw->pw_gid) < 0 || setuid(pw->pw_uid) < 0) {
    #####: 5626:            fprintf(stderr, "failed to assume identity of user %s\n", username);
    #####: 5627:            exit(EX_OSERR);
        -: 5628:        }
        -: 5629:    }
        -: 5630:
        -: 5631:    /* Initialize Sasl if -S was specified */
        -: 5632:    if (settings.sasl) {
        -: 5633:        init_sasl();
        -: 5634:    }
        -: 5635:
        -: 5636:    /* daemonize if requested */
        -: 5637:    /* if we want to ensure our ability to dump core, don't chdir to / */
       84: 5638:    if (do_daemonize) {
        2: 5639:        if (sigignore(SIGHUP) == -1) {
    #####: 5640:            perror("Failed to ignore SIGHUP");
        -: 5641:        }
        2: 5642:        if (daemonize(maxcore, settings.verbose) == -1) {
    #####: 5643:            fprintf(stderr, "failed to daemon() in order to daemonize\n");
    #####: 5644:            exit(EXIT_FAILURE);
        -: 5645:        }
        -: 5646:    }
        -: 5647:
        -: 5648:    /* lock paged memory if needed */
       83: 5649:    if (lock_memory) {
        -: 5650:#ifdef HAVE_MLOCKALL
    #####: 5651:        int res = mlockall(MCL_CURRENT | MCL_FUTURE);
    #####: 5652:        if (res != 0) {
    #####: 5653:            fprintf(stderr, "warning: -k invalid, mlockall() failed: %s\n",
    #####: 5654:                    strerror(errno));
        -: 5655:        }
        -: 5656:#else
        -: 5657:        fprintf(stderr, "warning: -k invalid, mlockall() not supported on this platform.  proceeding without.\n");
        -: 5658:#endif
        -: 5659:    }
        -: 5660:
        -: 5661:    /* initialize main thread libevent instance */
       83: 5662:    main_base = event_init();
        -: 5663:
        -: 5664:    /* initialize other stuff */
       83: 5665:    stats_init();
       83: 5666:    assoc_init(settings.hashpower_init);
       83: 5667:    conn_init();
       83: 5668:    slabs_init(settings.maxbytes, settings.factor, preallocate);
        -: 5669:
        -: 5670:    /*
        -: 5671:     * ignore SIGPIPE signals; we can use errno == EPIPE if we
        -: 5672:     * need that information
        -: 5673:     */
       83: 5674:    if (sigignore(SIGPIPE) == -1) {
    #####: 5675:        perror("failed to ignore SIGPIPE; sigaction");
    #####: 5676:        exit(EX_OSERR);
        -: 5677:    }
        -: 5678:    /* start up worker threads if MT mode */
       83: 5679:    memcached_thread_init(settings.num_threads, main_base);
        -: 5680:
       83: 5681:    if (start_assoc_maintenance_thread() == -1) {
    #####: 5682:        exit(EXIT_FAILURE);
        -: 5683:    }
        -: 5684:
       83: 5685:    if (start_lru_crawler && start_item_crawler_thread() != 0) {
    #####: 5686:        fprintf(stderr, "Failed to enable LRU crawler thread\n");
    #####: 5687:        exit(EXIT_FAILURE);
        -: 5688:    }
        -: 5689:
       83: 5690:    if (start_lru_maintainer && start_lru_maintainer_thread() != 0) {
    #####: 5691:        fprintf(stderr, "Failed to enable LRU maintainer thread\n");
    #####: 5692:        return 1;
        -: 5693:    }
        -: 5694:
       85: 5695:    if (settings.slab_reassign &&
        2: 5696:        start_slab_maintenance_thread() == -1) {
    #####: 5697:        exit(EXIT_FAILURE);
        -: 5698:    }
        -: 5699:
        -: 5700:    /* initialise clock event */
       83: 5701:    clock_handler(0, 0, 0);
        -: 5702:
        -: 5703:    /* create unix mode sockets after dropping privileges */
       83: 5704:    if (settings.socketpath != NULL) {
        2: 5705:        errno = 0;
        2: 5706:        if (server_socket_unix(settings.socketpath,settings.access)) {
    #####: 5707:            vperror("failed to listen on UNIX socket: %s", settings.socketpath);
    #####: 5708:            exit(EX_OSERR);
        -: 5709:        }
        -: 5710:    }
        -: 5711:
        -: 5712:    /* create the listening socket, bind it, and init */
       83: 5713:    if (settings.socketpath == NULL) {
       81: 5714:        const char *portnumber_filename = getenv("MEMCACHED_PORT_FILENAME");
        -: 5715:        char temp_portnumber_filename[PATH_MAX];
       81: 5716:        FILE *portnumber_file = NULL;
        -: 5717:
       81: 5718:        if (portnumber_filename != NULL) {
        -: 5719:            snprintf(temp_portnumber_filename,
        -: 5720:                     sizeof(temp_portnumber_filename),
        -: 5721:                     "%s.lck", portnumber_filename);
        -: 5722:
       14: 5723:            portnumber_file = fopen(temp_portnumber_filename, "a");
       14: 5724:            if (portnumber_file == NULL) {
    #####: 5725:                fprintf(stderr, "Failed to open \"%s\": %s\n",
    #####: 5726:                        temp_portnumber_filename, strerror(errno));
        -: 5727:            }
        -: 5728:        }
        -: 5729:
       81: 5730:        errno = 0;
       81: 5731:        if (settings.port && server_sockets(settings.port, tcp_transport,
        -: 5732:                                           portnumber_file)) {
        1: 5733:            vperror("failed to listen on TCP port %d", settings.port);
        1: 5734:            exit(EX_OSERR);
        -: 5735:        }
        -: 5736:
        -: 5737:        /*
        -: 5738:         * initialization order: first create the listening sockets
        -: 5739:         * (may need root on low ports), then drop root if needed,
        -: 5740:         * then daemonise if needed, then init libevent (in some cases
        -: 5741:         * descriptors created by libevent wouldn't survive forking).
        -: 5742:         */
        -: 5743:
        -: 5744:        /* create the UDP listening socket and bind it */
       80: 5745:        errno = 0;
       80: 5746:        if (settings.udpport && server_sockets(settings.udpport, udp_transport,
        -: 5747:                                              portnumber_file)) {
    #####: 5748:            vperror("failed to listen on UDP port %d", settings.udpport);
    #####: 5749:            exit(EX_OSERR);
        -: 5750:        }
        -: 5751:
       80: 5752:        if (portnumber_file) {
       14: 5753:            fclose(portnumber_file);
       14: 5754:            rename(temp_portnumber_filename, portnumber_filename);
        -: 5755:        }
        -: 5756:    }
        -: 5757:
        -: 5758:    /* Give the sockets a moment to open. I know this is dumb, but the error
        -: 5759:     * is only an advisory.
        -: 5760:     */
       82: 5761:    usleep(1000);
       82: 5762:    if (stats.curr_conns + stats.reserved_fds >= settings.maxconns - 1) {
    #####: 5763:        fprintf(stderr, "Maxconns setting is too low, use -c to increase.\n");
    #####: 5764:        exit(EXIT_FAILURE);
        -: 5765:    }
        -: 5766:
       82: 5767:    if (pid_file != NULL) {
        1: 5768:        save_pid(pid_file);
        -: 5769:    }
        -: 5770:
        -: 5771:    /* Drop privileges no longer needed */
        -: 5772:    drop_privileges();
        -: 5773:
        -: 5774:    /* enter the event loop */
       82: 5775:    if (event_base_loop(main_base, 0) != 0) {
    #####: 5776:        retval = EXIT_FAILURE;
        -: 5777:    }
        -: 5778:
    #####: 5779:    stop_assoc_maintenance_thread();
        -: 5780:
        -: 5781:    /* remove the PID file if we're a daemon */
    #####: 5782:    if (do_daemonize)
    #####: 5783:        remove_pidfile(pid_file);
        -: 5784:    /* Clean up strdup() call for bind() address */
    #####: 5785:    if (settings.inter)
    #####: 5786:      free(settings.inter);
    #####: 5787:    if (l_socket)
    #####: 5788:      free(l_socket);
    #####: 5789:    if (u_socket)
    #####: 5790:      free(u_socket);
        -: 5791:
    #####: 5792:    return retval;
        -: 5793:}
